#options: 1280x720 fps=25/1 timebase=1/25 bitdepth=8 cabac=1 ref=1 deblock=1:0:0 analyse=0x1:0 me=dia subme=2 psy=1 psy_rd=1.00:0.00 mixed_ref=0 me_range=16 chroma_me=1 trellis=0 8x8dct=0 cqm=0 deadzone=21,11 fast_pskip=1 chroma_qp_offset=0 threads=6 lookahead_threads=2 sliced_threads=0 nr=0 decimate=1 interlaced=0 bluray_compat=0 constrained_intra=0 bframes=3 b_pyramid=2 b_adapt=1 b_bias=0 direct=1 weightb=1 open_gop=0 weightp=2 keyint=250 keyint_min=25 scenecut=40 intra_refresh=0 rc_lookahead=40 rc=crf mbtree=1 crf=32.0 qcomp=0.60 qpmin=0 qpmax=69 qpstep=4 ip_ratio=1.40 aq=1:1.00
in:0 out:0 type:I dur:2 cpbdur:2 q:37.40 aq:25.23 tex:107241 mv:41944 misc:5983 imb:3600 pmb:0 smb:0 d:- ref:;
in:4 out:1 type:P dur:2 cpbdur:2 q:37.40 aq:24.90 tex:2692 mv:778 misc:1314 imb:49 pmb:187 smb:3364 d:- ref:0 ;
in:2 out:2 type:B dur:2 cpbdur:2 q:37.40 aq:29.00 tex:0 mv:0 misc:216 imb:0 pmb:0 smb:3600 d:- ref:0 ;
in:1 out:3 type:b dur:2 cpbdur:2 q:37.40 aq:31.00 tex:0 mv:0 misc:216 imb:0 pmb:0 smb:3600 d:- ref:0 ;
in:3 out:4 type:b dur:2 cpbdur:2 q:37.40 aq:31.00 tex:0 mv:0 misc:216 imb:0 pmb:0 smb:3600 d:- ref:0 ;
in:5 out:5 type:P dur:2 cpbdur:2 q:37.40 aq:24.90 tex:1711 mv:464 misc:953 imb:14 pmb:124 smb:3462 d:- ref:0 ;
in:6 out:6 type:P dur:2 cpbdur:2 q:37.40 aq:23.97 tex:4351 mv:867 misc:1646 imb:55 pmb:260 smb:3285 d:- ref:0 ;
in:7 out:7 type:P dur:2 cpbdur:2 q:37.40 aq:24.35 tex:4307 mv:1124 misc:1785 imb:98 pmb:251 smb:3251 d:- ref:0 ;
in:11 out:8 type:P dur:2 cpbdur:2 q:37.40 aq:24.03 tex:6764 mv:1288 misc:2156 imb:96 pmb:372 smb:3132 d:- ref:0 ;
in:9 out:9 type:B dur:2 cpbdur:2 q:37.40 aq:30.00 tex:0 mv:0 misc:232 imb:0 pmb:0 smb:3600 d:- ref:0 ;
in:8 out:10 type:b dur:2 cpbdur:2 q:37.40 aq:32.00 tex:0 mv:0 misc:216 imb:0 pmb:0 smb:3600 d:- ref:0 ;
in:10 out:11 type:b dur:2 cpbdur:2 q:37.40 aq:32.00 tex:0 mv:0 misc:216 imb:0 pmb:0 smb:3600 d:- ref:0 ;
in:15 out:12 type:P dur:2 cpbdur:2 q:37.40 aq:23.77 tex:3738 mv:799 misc:1439 imb:49 pmb:199 smb:3352 d:- ref:0 ;
in:13 out:13 type:B dur:2 cpbdur:2 q:37.40 aq:30.00 tex:0 mv:0 misc:232 imb:0 pmb:0 smb:3600 d:- ref:0 ;
in:12 out:14 type:b dur:2 cpbdur:2 q:37.40 aq:32.00 tex:0 mv:0 misc:216 imb:0 pmb:0 smb:3600 d:- ref:0 ;
in:14 out:15 type:b dur:2 cpbdur:2 q:37.40 aq:32.00 tex:0 mv:0 misc:216 imb:0 pmb:0 smb:3600 d:- ref:0 ;
in:19 out:16 type:P dur:2 cpbdur:2 q:37.40 aq:23.98 tex:2750 mv:573 misc:1189 imb:37 pmb:137 smb:3426 d:- ref:0 ;
in:17 out:17 type:B dur:2 cpbdur:2 q:37.40 aq:31.00 tex:0 mv:0 misc:232 imb:0 pmb:0 smb:3600 d:- ref:0 ;
in:16 out:18 type:b dur:2 cpbdur:2 q:37.40 aq:32.00 tex:0 mv:0 misc:216 imb:0 pmb:0 smb:3600 d:- ref:0 ;
in:18 out:19 type:b dur:2 cpbdur:2 q:37.40 aq:32.00 tex:0 mv:0 misc:216 imb:0 pmb:0 smb:3600 d:- ref:0 ;
in:23 out:20 type:P dur:2 cpbdur:2 q:37.40 aq:24.10 tex:4475 mv:796 misc:1657 imb:48 pmb:246 smb:3306 d:- ref:0 ;
in:21 out:21 type:B dur:2 cpbdur:2 q:37.40 aq:30.00 tex:0 mv:0 misc:232 imb:0 pmb:0 smb:3600 d:- ref:0 ;
in:20 out:22 type:b dur:2 cpbdur:2 q:37.40 aq:32.00 tex:0 mv:0 misc:216 imb:0 pmb:0 smb:3600 d:- ref:0 ;
in:22 out:23 type:b dur:2 cpbdur:2 q:37.40 aq:32.00 tex:0 mv:0 misc:216 imb:0 pmb:0 smb:3600 d:- ref:0 ;
in:27 out:24 type:P dur:2 cpbdur:2 q:37.40 aq:24.24 tex:2130 mv:438 misc:936 imb:24 pmb:99 smb:3477 d:- ref:0 ;
in:25 out:25 type:B dur:2 cpbdur:2 q:37.40 aq:30.00 tex:0 mv:0 misc:232 imb:0 pmb:0 smb:3600 d:- ref:0 ;
in:24 out:26 type:b dur:2 cpbdur:2 q:37.40 aq:32.00 tex:0 mv:0 misc:216 imb:0 pmb:0 smb:3600 d:- ref:0 ;
in:26 out:27 type:b dur:2 cpbdur:2 q:37.40 aq:32.00 tex:0 mv:0 misc:216 imb:0 pmb:0 smb:3600 d:- ref:0 ;
in:31 out:28 type:P dur:2 cpbdur:2 q:37.40 aq:24.54 tex:797 mv:144 misc:563 imb:3 pmb:46 smb:3551 d:- ref:0 ;
in:29 out:29 type:B dur:2 cpbdur:2 q:37.40 aq:30.00 tex:0 mv:0 misc:232 imb:0 pmb:0 smb:3600 d:- ref:0 ;
in:28 out:30 type:b dur:2 cpbdur:2 q:37.40 aq:32.00 tex:0 mv:0 misc:216 imb:0 pmb:0 smb:3600 d:- ref:0 ;
in:30 out:31 type:b dur:2 cpbdur:2 q:37.40 aq:32.00 tex:0 mv:0 misc:216 imb:0 pmb:0 smb:3600 d:- ref:0 ;
in:35 out:32 type:P dur:2 cpbdur:2 q:37.40 aq:23.89 tex:2288 mv:651 misc:1293 imb:37 pmb:178 smb:3385 d:- ref:0 ;
in:33 out:33 type:B dur:2 cpbdur:2 q:37.40 aq:30.00 tex:0 mv:0 misc:232 imb:0 pmb:0 smb:3600 d:- ref:0 ;
in:32 out:34 type:b dur:2 cpbdur:2 q:37.40 aq:32.00 tex:0 mv:0 misc:216 imb:0 pmb:0 smb:3600 d:- ref:0 ;
in:34 out:35 type:b dur:2 cpbdur:2 q:37.40 aq:32.00 tex:0 mv:0 misc:216 imb:0 pmb:0 smb:3600 d:- ref:0 ;
in:39 out:36 type:P dur:2 cpbdur:2 q:37.40 aq:24.21 tex:2008 mv:501 misc:1235 imb:31 pmb:168 smb:3401 d:- ref:0 ;
in:37 out:37 type:B dur:2 cpbdur:2 q:37.40 aq:30.00 tex:0 mv:0 misc:232 imb:0 pmb:0 smb:3600 d:- ref:0 ;
in:36 out:38 type:b dur:2 cpbdur:2 q:37.40 aq:32.00 tex:0 mv:0 misc:216 imb:0 pmb:0 smb:3600 d:- ref:0 ;
in:38 out:39 type:b dur:2 cpbdur:2 q:37.40 aq:32.00 tex:0 mv:0 misc:216 imb:0 pmb:0 smb:3600 d:- ref:0 ;
in:43 out:40 type:P dur:2 cpbdur:2 q:37.40 aq:23.52 tex:2532 mv:588 misc:1224 imb:34 pmb:145 smb:3421 d:- ref:0 ;
in:41 out:41 type:B dur:2 cpbdur:2 q:37.40 aq:30.00 tex:0 mv:0 misc:232 imb:0 pmb:0 smb:3600 d:- ref:0 ;
in:40 out:42 type:b dur:2 cpbdur:2 q:37.40 aq:32.00 tex:0 mv:0 misc:216 imb:0 pmb:0 smb:3600 d:- ref:0 ;
in:42 out:43 type:b dur:2 cpbdur:2 q:37.40 aq:32.00 tex:0 mv:0 misc:216 imb:0 pmb:0 smb:3600 d:- ref:0 ;
in:47 out:44 type:P dur:2 cpbdur:2 q:37.40 aq:23.56 tex:4656 mv:905 misc:1767 imb:62 pmb:300 smb:3238 d:- ref:0 ;
in:45 out:45 type:B dur:2 cpbdur:2 q:37.40 aq:31.00 tex:0 mv:0 misc:232 imb:0 pmb:0 smb:3600 d:- ref:0 ;
in:44 out:46 type:b dur:2 cpbdur:2 q:37.40 aq:32.00 tex:0 mv:0 misc:216 imb:0 pmb:0 smb:3600 d:- ref:0 ;
in:46 out:47 type:b dur:2 cpbdur:2 q:37.40 aq:32.00 tex:0 mv:0 misc:216 imb:0 pmb:0 smb:3600 d:- ref:0 ;
in:51 out:48 type:P dur:2 cpbdur:2 q:37.40 aq:23.77 tex:4124 mv:551 misc:1429 imb:20 pmb:246 smb:3334 d:- ref:0 ;
in:49 out:49 type:B dur:2 cpbdur:2 q:37.40 aq:30.00 tex:0 mv:0 misc:232 imb:0 pmb:0 smb:3600 d:- ref:0 ;
in:48 out:50 type:b dur:2 cpbdur:2 q:37.40 aq:32.00 tex:0 mv:0 misc:216 imb:0 pmb:0 smb:3600 d:- ref:0 ;
in:50 out:51 type:b dur:2 cpbdur:2 q:37.40 aq:32.00 tex:0 mv:0 misc:216 imb:0 pmb:0 smb:3600 d:- ref:0 ;
in:55 out:52 type:P dur:2 cpbdur:2 q:37.40 aq:24.09 tex:1801 mv:299 misc:900 imb:15 pmb:101 smb:3484 d:- ref:0 ;
in:53 out:53 type:B dur:2 cpbdur:2 q:37.40 aq:30.00 tex:0 mv:0 misc:232 imb:0 pmb:0 smb:3600 d:- ref:0 ;
in:52 out:54 type:b dur:2 cpbdur:2 q:37.40 aq:32.00 tex:0 mv:0 misc:216 imb:0 pmb:0 smb:3600 d:- ref:0 ;
in:54 out:55 type:b dur:2 cpbdur:2 q:37.40 aq:32.00 tex:0 mv:0 misc:216 imb:0 pmb:0 smb:3600 d:- ref:0 ;
in:59 out:56 type:P dur:2 cpbdur:2 q:37.40 aq:23.87 tex:1260 mv:180 misc:752 imb:2 pmb:85 smb:3513 d:- ref:0 ;
in:57 out:57 type:B dur:2 cpbdur:2 q:37.40 aq:30.00 tex:0 mv:0 misc:232 imb:0 pmb:0 smb:3600 d:- ref:0 ;
in:56 out:58 type:b dur:2 cpbdur:2 q:37.40 aq:32.00 tex:0 mv:0 misc:216 imb:0 pmb:0 smb:3600 d:- ref:0 ;
in:58 out:59 type:b dur:2 cpbdur:2 q:37.40 aq:32.00 tex:0 mv:0 misc:216 imb:0 pmb:0 smb:3600 d:- ref:0 ;
in:63 out:60 type:P dur:2 cpbdur:2 q:37.40 aq:24.03 tex:794 mv:134 misc:664 imb:4 pmb:66 smb:3530 d:- ref:0 ;
in:61 out:61 type:B dur:2 cpbdur:2 q:37.40 aq:30.00 tex:0 mv:0 misc:232 imb:0 pmb:0 smb:3600 d:- ref:0 ;
in:60 out:62 type:b dur:2 cpbdur:2 q:37.40 aq:32.00 tex:0 mv:0 misc:216 imb:0 pmb:0 smb:3600 d:- ref:0 ;
in:62 out:63 type:b dur:2 cpbdur:2 q:37.40 aq:32.00 tex:0 mv:0 misc:216 imb:0 pmb:0 smb:3600 d:- ref:0 ;
in:67 out:64 type:P dur:2 cpbdur:2 q:37.40 aq:23.85 tex:1264 mv:310 misc:994 imb:16 pmb:141 smb:3443 d:- ref:0 ;
in:65 out:65 type:B dur:2 cpbdur:2 q:37.40 aq:30.00 tex:0 mv:0 misc:232 imb:0 pmb:0 smb:3600 d:- ref:0 ;
in:64 out:66 type:b dur:2 cpbdur:2 q:37.40 aq:32.00 tex:0 mv:0 misc:216 imb:0 pmb:0 smb:3600 d:- ref:0 ;
in:66 out:67 type:b dur:2 cpbdur:2 q:37.40 aq:32.00 tex:0 mv:0 misc:216 imb:0 pmb:0 smb:3600 d:- ref:0 ;
in:71 out:68 type:P dur:2 cpbdur:2 q:37.40 aq:23.94 tex:2158 mv:451 misc:1215 imb:20 pmb:174 smb:3406 d:- ref:0 ;
in:69 out:69 type:B dur:2 cpbdur:2 q:37.40 aq:32.00 tex:0 mv:0 misc:232 imb:0 pmb:0 smb:3600 d:- ref:0 ;
in:68 out:70 type:b dur:2 cpbdur:2 q:37.40 aq:32.00 tex:0 mv:0 misc:216 imb:0 pmb:0 smb:3600 d:- ref:0 ;
in:70 out:71 type:b dur:2 cpbdur:2 q:37.40 aq:32.00 tex:0 mv:0 misc:216 imb:0 pmb:0 smb:3600 d:- ref:0 ;
in:75 out:72 type:P dur:2 cpbdur:2 q:37.40 aq:23.23 tex:3687 mv:645 misc:1484 imb:39 pmb:206 smb:3355 d:- ref:0 ;
in:73 out:73 type:B dur:2 cpbdur:2 q:37.40 aq:31.00 tex:0 mv:0 misc:232 imb:0 pmb:0 smb:3600 d:- ref:0 ;
in:72 out:74 type:b dur:2 cpbdur:2 q:37.40 aq:32.00 tex:0 mv:0 misc:216 imb:0 pmb:0 smb:3600 d:- ref:0 ;
in:74 out:75 type:b dur:2 cpbdur:2 q:37.40 aq:32.00 tex:0 mv:0 misc:216 imb:0 pmb:0 smb:3600 d:- ref:0 ;
in:79 out:76 type:P dur:2 cpbdur:2 q:37.40 aq:23.67 tex:2082 mv:353 misc:1125 imb:10 pmb:166 smb:3424 d:- ref:0 ;
in:77 out:77 type:B dur:2 cpbdur:2 q:37.40 aq:30.00 tex:0 mv:0 misc:232 imb:0 pmb:0 smb:3600 d:- ref:0 ;
in:76 out:78 type:b dur:2 cpbdur:2 q:37.40 aq:32.00 tex:0 mv:0 misc:216 imb:0 pmb:0 smb:3600 d:- ref:0 ;
in:78 out:79 type:b dur:2 cpbdur:2 q:37.40 aq:32.00 tex:0 mv:0 misc:216 imb:0 pmb:0 smb:3600 d:- ref:0 ;
in:83 out:80 type:P dur:2 cpbdur:2 q:37.40 aq:23.01 tex:2107 mv:382 misc:1015 imb:18 pmb:129 smb:3453 d:- ref:0 ;
in:81 out:81 type:B dur:2 cpbdur:2 q:37.40 aq:30.00 tex:0 mv:0 misc:232 imb:0 pmb:0 smb:3600 d:- ref:0 ;
in:80 out:82 type:b dur:2 cpbdur:2 q:37.40 aq:32.00 tex:0 mv:0 misc:216 imb:0 pmb:0 smb:3600 d:- ref:0 ;
in:82 out:83 type:b dur:2 cpbdur:2 q:37.40 aq:32.00 tex:0 mv:0 misc:216 imb:0 pmb:0 smb:3600 d:- ref:0 ;
in:87 out:84 type:P dur:2 cpbdur:2 q:37.40 aq:23.63 tex:3165 mv:438 misc:1149 imb:23 pmb:161 smb:3416 d:- ref:0 ;
in:85 out:85 type:B dur:2 cpbdur:2 q:37.40 aq:30.00 tex:0 mv:0 misc:232 imb:0 pmb:0 smb:3600 d:- ref:0 ;
in:84 out:86 type:b dur:2 cpbdur:2 q:37.40 aq:32.00 tex:0 mv:0 misc:216 imb:0 pmb:0 smb:3600 d:- ref:0 ;
in:86 out:87 type:b dur:2 cpbdur:2 q:37.40 aq:32.00 tex:0 mv:0 misc:216 imb:0 pmb:0 smb:3600 d:- ref:0 ;
in:91 out:88 type:P dur:2 cpbdur:2 q:37.40 aq:22.31 tex:946 mv:160 misc:622 imb:9 pmb:49 smb:3542 d:- ref:0 ;
in:89 out:89 type:B dur:2 cpbdur:2 q:37.40 aq:30.00 tex:0 mv:0 misc:232 imb:0 pmb:0 smb:3600 d:- ref:0 ;
in:88 out:90 type:b dur:2 cpbdur:2 q:37.40 aq:32.00 tex:0 mv:0 misc:216 imb:0 pmb:0 smb:3600 d:- ref:0 ;
in:90 out:91 type:b dur:2 cpbdur:2 q:37.40 aq:32.00 tex:0 mv:0 misc:216 imb:0 pmb:0 smb:3600 d:- ref:0 ;
in:95 out:92 type:P dur:2 cpbdur:2 q:37.40 aq:23.03 tex:883 mv:157 misc:592 imb:3 pmb:53 smb:3544 d:- ref:0 ;
in:93 out:93 type:B dur:2 cpbdur:2 q:37.40 aq:30.00 tex:0 mv:0 misc:232 imb:0 pmb:0 smb:3600 d:- ref:0 ;
in:92 out:94 type:b dur:2 cpbdur:2 q:37.40 aq:32.00 tex:0 mv:0 misc:216 imb:0 pmb:0 smb:3600 d:- ref:0 ;
in:94 out:95 type:b dur:2 cpbdur:2 q:37.40 aq:32.00 tex:0 mv:0 misc:216 imb:0 pmb:0 smb:3600 d:- ref:0 ;
in:99 out:96 type:P dur:2 cpbdur:2 q:37.40 aq:24.00 tex:1136 mv:187 misc:885 imb:5 pmb:114 smb:3481 d:- ref:0 ;
in:97 out:97 type:B dur:2 cpbdur:2 q:37.40 aq:30.00 tex:0 mv:0 misc:232 imb:0 pmb:0 smb:3600 d:- ref:0 ;
in:96 out:98 type:b dur:2 cpbdur:2 q:37.40 aq:32.00 tex:0 mv:0 misc:216 imb:0 pmb:0 smb:3600 d:- ref:0 ;
in:98 out:99 type:b dur:2 cpbdur:2 q:37.40 aq:32.00 tex:0 mv:0 misc:216 imb:0 pmb:0 smb:3600 d:- ref:0 ;
in:103 out:100 type:P dur:2 cpbdur:2 q:37.40 aq:24.03 tex:1261 mv:298 misc:1057 imb:11 pmb:157 smb:3432 d:- ref:0 ;
in:101 out:101 type:B dur:2 cpbdur:2 q:37.40 aq:30.00 tex:0 mv:0 misc:232 imb:0 pmb:0 smb:3600 d:- ref:0 ;
in:100 out:102 type:b dur:2 cpbdur:2 q:37.40 aq:32.00 tex:0 mv:0 misc:216 imb:0 pmb:0 smb:3600 d:- ref:0 ;
in:102 out:103 type:b dur:2 cpbdur:2 q:37.40 aq:32.00 tex:0 mv:0 misc:216 imb:0 pmb:0 smb:3600 d:- ref:0 ;
in:107 out:104 type:P dur:2 cpbdur:2 q:37.40 aq:23.87 tex:662 mv:106 misc:704 imb:3 pmb:76 smb:3521 d:- ref:0 ;
in:105 out:105 type:B dur:2 cpbdur:2 q:37.40 aq:30.00 tex:0 mv:0 misc:232 imb:0 pmb:0 smb:3600 d:- ref:0 ;
in:104 out:106 type:b dur:2 cpbdur:2 q:37.40 aq:32.00 tex:0 mv:0 misc:216 imb:0 pmb:0 smb:3600 d:- ref:0 ;
in:106 out:107 type:b dur:2 cpbdur:2 q:37.40 aq:32.00 tex:0 mv:0 misc:216 imb:0 pmb:0 smb:3600 d:- ref:0 ;
in:111 out:108 type:P dur:2 cpbdur:2 q:37.40 aq:23.62 tex:789 mv:187 misc:816 imb:8 pmb:111 smb:3481 d:- ref:0 ;
in:109 out:109 type:B dur:2 cpbdur:2 q:37.40 aq:30.00 tex:0 mv:0 misc:232 imb:0 pmb:0 smb:3600 d:- ref:0 ;
in:108 out:110 type:b dur:2 cpbdur:2 q:37.40 aq:32.00 tex:0 mv:0 misc:216 imb:0 pmb:0 smb:3600 d:- ref:0 ;
in:110 out:111 type:b dur:2 cpbdur:2 q:37.40 aq:32.00 tex:0 mv:0 misc:216 imb:0 pmb:0 smb:3600 d:- ref:0 ;
in:115 out:112 type:P dur:2 cpbdur:2 q:37.40 aq:22.16 tex:76 mv:47 misc:309 imb:3 pmb:4 smb:3593 d:- ref:0 ;
in:113 out:113 type:B dur:2 cpbdur:2 q:37.40 aq:30.00 tex:0 mv:0 misc:232 imb:0 pmb:0 smb:3600 d:- ref:0 ;
in:112 out:114 type:b dur:2 cpbdur:2 q:37.40 aq:32.00 tex:0 mv:0 misc:216 imb:0 pmb:0 smb:3600 d:- ref:0 ;
in:114 out:115 type:b dur:2 cpbdur:2 q:37.40 aq:32.00 tex:0 mv:0 misc:216 imb:0 pmb:0 smb:3600 d:- ref:0 ;
in:119 out:116 type:P dur:2 cpbdur:2 q:37.40 aq:24.00 tex:71 mv:9 misc:280 imb:0 pmb:3 smb:3597 d:- ref:0 ;
in:117 out:117 type:B dur:2 cpbdur:2 q:37.40 aq:30.00 tex:0 mv:0 misc:232 imb:0 pmb:0 smb:3600 d:- ref:0 ;
in:116 out:118 type:b dur:2 cpbdur:2 q:37.40 aq:32.00 tex:0 mv:0 misc:216 imb:0 pmb:0 smb:3600 d:- ref:0 ;
in:118 out:119 type:b dur:2 cpbdur:2 q:37.40 aq:32.00 tex:0 mv:0 misc:216 imb:0 pmb:0 smb:3600 d:- ref:0 ;
in:123 out:120 type:P dur:2 cpbdur:2 q:37.40 aq:25.00 tex:0 mv:0 misc:240 imb:0 pmb:0 smb:3600 d:- ref:0 ;
in:121 out:121 type:B dur:2 cpbdur:2 q:37.40 aq:30.00 tex:0 mv:0 misc:232 imb:0 pmb:0 smb:3600 d:- ref:0 ;
in:120 out:122 type:b dur:2 cpbdur:2 q:37.40 aq:32.00 tex:0 mv:0 misc:216 imb:0 pmb:0 smb:3600 d:- ref:0 ;
in:122 out:123 type:b dur:2 cpbdur:2 q:37.40 aq:32.00 tex:0 mv:0 misc:216 imb:0 pmb:0 smb:3600 d:- ref:0 ;
in:127 out:124 type:P dur:2 cpbdur:2 q:37.40 aq:24.80 tex:2414 mv:377 misc:1073 imb:16 pmb:139 smb:3445 d:- ref:0 ;
in:125 out:125 type:B dur:2 cpbdur:2 q:37.40 aq:31.00 tex:0 mv:0 misc:232 imb:0 pmb:0 smb:3600 d:- ref:0 ;
in:124 out:126 type:b dur:2 cpbdur:2 q:37.40 aq:32.00 tex:0 mv:0 misc:216 imb:0 pmb:0 smb:3600 d:- ref:0 ;
in:126 out:127 type:b dur:2 cpbdur:2 q:37.40 aq:32.00 tex:0 mv:0 misc:216 imb:0 pmb:0 smb:3600 d:- ref:0 ;
in:131 out:128 type:P dur:2 cpbdur:2 q:37.40 aq:24.43 tex:1597 mv:299 misc:816 imb:22 pmb:69 smb:3509 d:- ref:0 ;
in:129 out:129 type:B dur:2 cpbdur:2 q:37.40 aq:30.00 tex:0 mv:0 misc:232 imb:0 pmb:0 smb:3600 d:- ref:0 ;
in:128 out:130 type:b dur:2 cpbdur:2 q:37.40 aq:32.00 tex:0 mv:0 misc:216 imb:0 pmb:0 smb:3600 d:- ref:0 ;
in:130 out:131 type:b dur:2 cpbdur:2 q:37.40 aq:32.00 tex:0 mv:0 misc:216 imb:0 pmb:0 smb:3600 d:- ref:0 ;
in:135 out:132 type:P dur:2 cpbdur:2 q:37.40 aq:24.09 tex:1969 mv:385 misc:1166 imb:17 pmb:172 smb:3411 d:- ref:0 ;
in:133 out:133 type:B dur:2 cpbdur:2 q:37.40 aq:30.00 tex:0 mv:0 misc:232 imb:0 pmb:0 smb:3600 d:- ref:0 ;
in:132 out:134 type:b dur:2 cpbdur:2 q:37.40 aq:32.00 tex:0 mv:0 misc:216 imb:0 pmb:0 smb:3600 d:- ref:0 ;
in:134 out:135 type:b dur:2 cpbdur:2 q:37.40 aq:32.00 tex:0 mv:0 misc:216 imb:0 pmb:0 smb:3600 d:- ref:0 ;
in:139 out:136 type:P dur:2 cpbdur:2 q:37.40 aq:24.10 tex:1271 mv:258 misc:879 imb:10 pmb:103 smb:3487 d:- ref:0 ;
in:137 out:137 type:B dur:2 cpbdur:2 q:37.40 aq:31.00 tex:0 mv:0 misc:232 imb:0 pmb:0 smb:3600 d:- ref:0 ;
in:136 out:138 type:b dur:2 cpbdur:2 q:37.40 aq:32.00 tex:0 mv:0 misc:216 imb:0 pmb:0 smb:3600 d:- ref:0 ;
in:138 out:139 type:b dur:2 cpbdur:2 q:37.40 aq:32.00 tex:0 mv:0 misc:216 imb:0 pmb:0 smb:3600 d:- ref:0 ;
in:143 out:140 type:P dur:2 cpbdur:2 q:37.40 aq:24.17 tex:1397 mv:356 misc:983 imb:27 pmb:119 smb:3454 d:- ref:0 ;
in:141 out:141 type:B dur:2 cpbdur:2 q:37.40 aq:31.00 tex:0 mv:0 misc:232 imb:0 pmb:0 smb:3600 d:- ref:0 ;
in:140 out:142 type:b dur:2 cpbdur:2 q:37.40 aq:32.00 tex:0 mv:0 misc:216 imb:0 pmb:0 smb:3600 d:- ref:0 ;
in:142 out:143 type:b dur:2 cpbdur:2 q:37.40 aq:32.00 tex:0 mv:0 misc:216 imb:0 pmb:0 smb:3600 d:- ref:0 ;
in:147 out:144 type:P dur:2 cpbdur:2 q:37.40 aq:23.55 tex:1712 mv:249 misc:919 imb:7 pmb:121 smb:3472 d:- ref:0 ;
in:145 out:145 type:B dur:2 cpbdur:2 q:37.40 aq:29.00 tex:0 mv:0 misc:232 imb:0 pmb:0 smb:3600 d:- ref:0 ;
in:144 out:146 type:b dur:2 cpbdur:2 q:37.40 aq:32.00 tex:0 mv:0 misc:216 imb:0 pmb:0 smb:3600 d:- ref:0 ;
in:146 out:147 type:b dur:2 cpbdur:2 q:37.40 aq:32.00 tex:0 mv:0 misc:216 imb:0 pmb:0 smb:3600 d:- ref:0 ;
in:151 out:148 type:P dur:2 cpbdur:2 q:37.40 aq:23.80 tex:2456 mv:505 misc:1095 imb:29 pmb:135 smb:3436 d:- ref:0 ;
in:149 out:149 type:B dur:2 cpbdur:2 q:37.40 aq:29.00 tex:0 mv:0 misc:232 imb:0 pmb:0 smb:3600 d:- ref:0 ;
in:148 out:150 type:b dur:2 cpbdur:2 q:37.40 aq:32.00 tex:0 mv:0 misc:216 imb:0 pmb:0 smb:3600 d:- ref:0 ;
in:150 out:151 type:b dur:2 cpbdur:2 q:37.40 aq:32.00 tex:0 mv:0 misc:216 imb:0 pmb:0 smb:3600 d:- ref:0 ;
in:155 out:152 type:P dur:2 cpbdur:2 q:37.40 aq:22.66 tex:1191 mv:213 misc:724 imb:7 pmb:70 smb:3523 d:- ref:0 ;
in:153 out:153 type:B dur:2 cpbdur:2 q:37.40 aq:30.00 tex:0 mv:0 misc:232 imb:0 pmb:0 smb:3600 d:- ref:0 ;
in:152 out:154 type:b dur:2 cpbdur:2 q:37.40 aq:32.00 tex:0 mv:0 misc:216 imb:0 pmb:0 smb:3600 d:- ref:0 ;
in:154 out:155 type:b dur:2 cpbdur:2 q:37.40 aq:32.00 tex:0 mv:0 misc:216 imb:0 pmb:0 smb:3600 d:- ref:0 ;
in:159 out:156 type:P dur:2 cpbdur:2 q:37.40 aq:23.00 tex:940 mv:155 misc:601 imb:4 pmb:57 smb:3539 d:- ref:0 ;
in:157 out:157 type:B dur:2 cpbdur:2 q:37.40 aq:30.00 tex:0 mv:0 misc:232 imb:0 pmb:0 smb:3600 d:- ref:0 ;
in:156 out:158 type:b dur:2 cpbdur:2 q:37.40 aq:32.00 tex:0 mv:0 misc:216 imb:0 pmb:0 smb:3600 d:- ref:0 ;
in:158 out:159 type:b dur:2 cpbdur:2 q:37.40 aq:32.00 tex:0 mv:0 misc:216 imb:0 pmb:0 smb:3600 d:- ref:0 ;
in:163 out:160 type:P dur:2 cpbdur:2 q:37.40 aq:23.82 tex:293 mv:60 misc:399 imb:1 pmb:19 smb:3580 d:- ref:0 ;
in:161 out:161 type:B dur:2 cpbdur:2 q:37.40 aq:30.00 tex:0 mv:0 misc:232 imb:0 pmb:0 smb:3600 d:- ref:0 ;
in:160 out:162 type:b dur:2 cpbdur:2 q:37.40 aq:32.00 tex:0 mv:0 misc:216 imb:0 pmb:0 smb:3600 d:- ref:0 ;
in:162 out:163 type:b dur:2 cpbdur:2 q:37.40 aq:32.00 tex:0 mv:0 misc:216 imb:0 pmb:0 smb:3600 d:- ref:0 ;
in:167 out:164 type:P dur:2 cpbdur:2 q:37.40 aq:24.30 tex:1186 mv:291 misc:875 imb:15 pmb:106 smb:3479 d:- ref:0 ;
in:165 out:165 type:B dur:2 cpbdur:2 q:37.40 aq:30.00 tex:0 mv:0 misc:232 imb:0 pmb:0 smb:3600 d:- ref:0 ;
in:164 out:166 type:b dur:2 cpbdur:2 q:37.40 aq:32.00 tex:0 mv:0 misc:216 imb:0 pmb:0 smb:3600 d:- ref:0 ;
in:166 out:167 type:b dur:2 cpbdur:2 q:37.40 aq:32.00 tex:0 mv:0 misc:216 imb:0 pmb:0 smb:3600 d:- ref:0 ;
in:171 out:168 type:P dur:2 cpbdur:2 q:37.40 aq:23.32 tex:1346 mv:259 misc:883 imb:11 pmb:97 smb:3492 d:- ref:0 ;
in:169 out:169 type:B dur:2 cpbdur:2 q:37.40 aq:29.00 tex:0 mv:0 misc:232 imb:0 pmb:0 smb:3600 d:- ref:0 ;
in:168 out:170 type:b dur:2 cpbdur:2 q:37.40 aq:32.00 tex:0 mv:0 misc:216 imb:0 pmb:0 smb:3600 d:- ref:0 ;
in:170 out:171 type:b dur:2 cpbdur:2 q:37.40 aq:32.00 tex:0 mv:0 misc:216 imb:0 pmb:0 smb:3600 d:- ref:0 ;
in:175 out:172 type:P dur:2 cpbdur:2 q:37.40 aq:22.79 tex:1126 mv:233 misc:833 imb:10 pmb:100 smb:3490 d:- ref:0 ;
in:173 out:173 type:B dur:2 cpbdur:2 q:37.40 aq:30.00 tex:0 mv:0 misc:232 imb:0 pmb:0 smb:3600 d:- ref:0 ;
in:172 out:174 type:b dur:2 cpbdur:2 q:37.40 aq:32.00 tex:0 mv:0 misc:216 imb:0 pmb:0 smb:3600 d:- ref:0 ;
in:174 out:175 type:b dur:2 cpbdur:2 q:37.40 aq:32.00 tex:0 mv:0 misc:216 imb:0 pmb:0 smb:3600 d:- ref:0 ;
in:179 out:176 type:P dur:2 cpbdur:2 q:37.40 aq:23.09 tex:993 mv:244 misc:747 imb:16 pmb:72 smb:3512 d:- ref:0 ;
in:177 out:177 type:B dur:2 cpbdur:2 q:37.40 aq:30.00 tex:0 mv:0 misc:232 imb:0 pmb:0 smb:3600 d:- ref:0 ;
in:176 out:178 type:b dur:2 cpbdur:2 q:37.40 aq:32.00 tex:0 mv:0 misc:216 imb:0 pmb:0 smb:3600 d:- ref:0 ;
in:178 out:179 type:b dur:2 cpbdur:2 q:37.40 aq:32.00 tex:0 mv:0 misc:216 imb:0 pmb:0 smb:3600 d:- ref:0 ;
in:183 out:180 type:P dur:2 cpbdur:2 q:37.40 aq:23.29 tex:1380 mv:257 misc:779 imb:10 pmb:103 smb:3487 d:- ref:0 ;
in:181 out:181 type:B dur:2 cpbdur:2 q:37.40 aq:31.00 tex:0 mv:0 misc:232 imb:0 pmb:0 smb:3600 d:- ref:0 ;
in:180 out:182 type:b dur:2 cpbdur:2 q:37.40 aq:32.00 tex:0 mv:0 misc:216 imb:0 pmb:0 smb:3600 d:- ref:0 ;
in:182 out:183 type:b dur:2 cpbdur:2 q:37.40 aq:32.00 tex:0 mv:0 misc:216 imb:0 pmb:0 smb:3600 d:- ref:0 ;
in:187 out:184 type:P dur:2 cpbdur:2 q:37.40 aq:22.49 tex:3108 mv:507 misc:1001 imb:43 pmb:129 smb:3428 d:- ref:0 ;
in:185 out:185 type:B dur:2 cpbdur:2 q:37.40 aq:30.00 tex:0 mv:0 misc:232 imb:0 pmb:0 smb:3600 d:- ref:0 ;
in:184 out:186 type:b dur:2 cpbdur:2 q:37.40 aq:32.00 tex:0 mv:0 misc:216 imb:0 pmb:0 smb:3600 d:- ref:0 ;
in:186 out:187 type:b dur:2 cpbdur:2 q:37.40 aq:32.00 tex:0 mv:0 misc:216 imb:0 pmb:0 smb:3600 d:- ref:0 ;
in:191 out:188 type:P dur:2 cpbdur:2 q:37.40 aq:22.73 tex:627 mv:174 misc:511 imb:6 pmb:37 smb:3557 d:- ref:0 ;
in:189 out:189 type:B dur:2 cpbdur:2 q:37.40 aq:30.00 tex:0 mv:0 misc:232 imb:0 pmb:0 smb:3600 d:- ref:0 ;
in:188 out:190 type:b dur:2 cpbdur:2 q:37.40 aq:32.00 tex:0 mv:0 misc:216 imb:0 pmb:0 smb:3600 d:- ref:0 ;
in:190 out:191 type:b dur:2 cpbdur:2 q:37.40 aq:32.00 tex:0 mv:0 misc:216 imb:0 pmb:0 smb:3600 d:- ref:0 ;
in:195 out:192 type:P dur:2 cpbdur:2 q:37.40 aq:22.86 tex:272 mv:53 misc:371 imb:2 pmb:14 smb:3584 d:- ref:0 ;
in:193 out:193 type:B dur:2 cpbdur:2 q:37.40 aq:30.00 tex:0 mv:0 misc:232 imb:0 pmb:0 smb:3600 d:- ref:0 ;
in:192 out:194 type:b dur:2 cpbdur:2 q:37.40 aq:32.00 tex:0 mv:0 misc:216 imb:0 pmb:0 smb:3600 d:- ref:0 ;
in:194 out:195 type:b dur:2 cpbdur:2 q:37.40 aq:32.00 tex:0 mv:0 misc:216 imb:0 pmb:0 smb:3600 d:- ref:0 ;
in:199 out:196 type:P dur:2 cpbdur:2 q:37.40 aq:23.38 tex:1120 mv:291 misc:933 imb:13 pmb:148 smb:3439 d:- ref:0 ;
in:197 out:197 type:B dur:2 cpbdur:2 q:37.40 aq:30.00 tex:0 mv:0 misc:232 imb:0 pmb:0 smb:3600 d:- ref:0 ;
in:196 out:198 type:b dur:2 cpbdur:2 q:37.40 aq:32.00 tex:0 mv:0 misc:216 imb:0 pmb:0 smb:3600 d:- ref:0 ;
in:198 out:199 type:b dur:2 cpbdur:2 q:37.40 aq:32.00 tex:0 mv:0 misc:216 imb:0 pmb:0 smb:3600 d:- ref:0 ;
in:203 out:200 type:P dur:2 cpbdur:2 q:37.40 aq:22.97 tex:937 mv:265 misc:822 imb:9 pmb:96 smb:3495 d:- ref:0 ;
in:201 out:201 type:B dur:2 cpbdur:2 q:37.40 aq:30.00 tex:0 mv:0 misc:232 imb:0 pmb:0 smb:3600 d:- ref:0 ;
in:200 out:202 type:b dur:2 cpbdur:2 q:37.40 aq:32.00 tex:0 mv:0 misc:216 imb:0 pmb:0 smb:3600 d:- ref:0 ;
in:202 out:203 type:b dur:2 cpbdur:2 q:37.40 aq:32.00 tex:0 mv:0 misc:216 imb:0 pmb:0 smb:3600 d:- ref:0 ;
in:207 out:204 type:P dur:2 cpbdur:2 q:37.40 aq:22.84 tex:1187 mv:291 misc:914 imb:10 pmb:125 smb:3465 d:- ref:0 ;
in:205 out:205 type:B dur:2 cpbdur:2 q:37.40 aq:30.00 tex:0 mv:0 misc:232 imb:0 pmb:0 smb:3600 d:- ref:0 ;
in:204 out:206 type:b dur:2 cpbdur:2 q:37.40 aq:32.00 tex:0 mv:0 misc:216 imb:0 pmb:0 smb:3600 d:- ref:0 ;
in:206 out:207 type:b dur:2 cpbdur:2 q:37.40 aq:32.00 tex:0 mv:0 misc:216 imb:0 pmb:0 smb:3600 d:- ref:0 ;
in:211 out:208 type:P dur:2 cpbdur:2 q:37.40 aq:23.28 tex:958 mv:163 misc:655 imb:5 pmb:60 smb:3535 d:- ref:0 ;
in:209 out:209 type:B dur:2 cpbdur:2 q:37.40 aq:30.00 tex:0 mv:0 misc:232 imb:0 pmb:0 smb:3600 d:- ref:0 ;
in:208 out:210 type:b dur:2 cpbdur:2 q:37.40 aq:32.00 tex:0 mv:0 misc:216 imb:0 pmb:0 smb:3600 d:- ref:0 ;
in:210 out:211 type:b dur:2 cpbdur:2 q:37.40 aq:32.00 tex:0 mv:0 misc:216 imb:0 pmb:0 smb:3600 d:- ref:0 ;
in:215 out:212 type:P dur:2 cpbdur:2 q:37.40 aq:22.89 tex:486 mv:106 misc:528 imb:2 pmb:40 smb:3558 d:- ref:0 ;
in:213 out:213 type:B dur:2 cpbdur:2 q:37.40 aq:30.00 tex:0 mv:0 misc:232 imb:0 pmb:0 smb:3600 d:- ref:0 ;
in:212 out:214 type:b dur:2 cpbdur:2 q:37.40 aq:32.00 tex:0 mv:0 misc:216 imb:0 pmb:0 smb:3600 d:- ref:0 ;
in:214 out:215 type:b dur:2 cpbdur:2 q:37.40 aq:32.00 tex:0 mv:0 misc:216 imb:0 pmb:0 smb:3600 d:- ref:0 ;
in:219 out:216 type:P dur:2 cpbdur:2 q:37.40 aq:23.13 tex:554 mv:123 misc:507 imb:5 pmb:36 smb:3559 d:- ref:0 ;
in:217 out:217 type:B dur:2 cpbdur:2 q:37.40 aq:30.00 tex:0 mv:0 misc:232 imb:0 pmb:0 smb:3600 d:- ref:0 ;
in:216 out:218 type:b dur:2 cpbdur:2 q:37.40 aq:32.00 tex:0 mv:0 misc:216 imb:0 pmb:0 smb:3600 d:- ref:0 ;
in:218 out:219 type:b dur:2 cpbdur:2 q:37.40 aq:32.00 tex:0 mv:0 misc:216 imb:0 pmb:0 smb:3600 d:- ref:0 ;
in:223 out:220 type:P dur:2 cpbdur:2 q:37.40 aq:22.13 tex:417 mv:82 misc:437 imb:2 pmb:28 smb:3570 d:- ref:0 ;
in:221 out:221 type:B dur:2 cpbdur:2 q:37.40 aq:30.00 tex:0 mv:0 misc:232 imb:0 pmb:0 smb:3600 d:- ref:0 ;
in:220 out:222 type:b dur:2 cpbdur:2 q:37.40 aq:32.00 tex:0 mv:0 misc:216 imb:0 pmb:0 smb:3600 d:- ref:0 ;
in:222 out:223 type:b dur:2 cpbdur:2 q:37.40 aq:32.00 tex:0 mv:0 misc:216 imb:0 pmb:0 smb:3600 d:- ref:0 ;
in:227 out:224 type:P dur:2 cpbdur:2 q:37.40 aq:23.65 tex:410 mv:62 misc:448 imb:1 pmb:27 smb:3572 d:- ref:0 ;
in:225 out:225 type:B dur:2 cpbdur:2 q:37.40 aq:30.00 tex:0 mv:0 misc:232 imb:0 pmb:0 smb:3600 d:- ref:0 ;
in:224 out:226 type:b dur:2 cpbdur:2 q:37.40 aq:32.00 tex:0 mv:0 misc:216 imb:0 pmb:0 smb:3600 d:- ref:0 ;
in:226 out:227 type:b dur:2 cpbdur:2 q:37.40 aq:32.00 tex:0 mv:0 misc:216 imb:0 pmb:0 smb:3600 d:- ref:0 ;
in:231 out:228 type:P dur:2 cpbdur:2 q:37.40 aq:23.35 tex:372 mv:101 misc:551 imb:5 pmb:45 smb:3550 d:- ref:0 ;
in:229 out:229 type:B dur:2 cpbdur:2 q:37.40 aq:30.00 tex:0 mv:0 misc:232 imb:0 pmb:0 smb:3600 d:- ref:0 ;
in:228 out:230 type:b dur:2 cpbdur:2 q:37.40 aq:32.00 tex:0 mv:0 misc:216 imb:0 pmb:0 smb:3600 d:- ref:0 ;
in:230 out:231 type:b dur:2 cpbdur:2 q:37.40 aq:32.00 tex:0 mv:0 misc:216 imb:0 pmb:0 smb:3600 d:- ref:0 ;
in:235 out:232 type:P dur:2 cpbdur:2 q:37.40 aq:25.10 tex:459 mv:152 misc:637 imb:7 pmb:73 smb:3520 d:- ref:0 ;
in:233 out:233 type:B dur:2 cpbdur:2 q:37.40 aq:30.00 tex:0 mv:0 misc:232 imb:0 pmb:0 smb:3600 d:- ref:0 ;
in:232 out:234 type:b dur:2 cpbdur:2 q:37.40 aq:32.00 tex:0 mv:0 misc:216 imb:0 pmb:0 smb:3600 d:- ref:0 ;
in:234 out:235 type:b dur:2 cpbdur:2 q:37.40 aq:32.00 tex:0 mv:0 misc:216 imb:0 pmb:0 smb:3600 d:- ref:0 ;
in:239 out:236 type:P dur:2 cpbdur:2 q:37.40 aq:23.54 tex:347 mv:134 misc:647 imb:5 pmb:64 smb:3531 d:- ref:0 ;
in:237 out:237 type:B dur:2 cpbdur:2 q:37.40 aq:30.00 tex:0 mv:0 misc:232 imb:0 pmb:0 smb:3600 d:- ref:0 ;
in:236 out:238 type:b dur:2 cpbdur:2 q:37.40 aq:32.00 tex:0 mv:0 misc:216 imb:0 pmb:0 smb:3600 d:- ref:0 ;
in:238 out:239 type:b dur:2 cpbdur:2 q:37.40 aq:32.00 tex:0 mv:0 misc:216 imb:0 pmb:0 smb:3600 d:- ref:0 ;
in:243 out:240 type:P dur:2 cpbdur:2 q:37.40 aq:24.00 tex:95 mv:23 misc:330 imb:0 pmb:9 smb:3591 d:- ref:0 ;
in:241 out:241 type:B dur:2 cpbdur:2 q:37.40 aq:30.00 tex:0 mv:0 misc:232 imb:0 pmb:0 smb:3600 d:- ref:0 ;
in:240 out:242 type:b dur:2 cpbdur:2 q:37.40 aq:32.00 tex:0 mv:0 misc:216 imb:0 pmb:0 smb:3600 d:- ref:0 ;
in:242 out:243 type:b dur:2 cpbdur:2 q:37.40 aq:32.00 tex:0 mv:0 misc:216 imb:0 pmb:0 smb:3600 d:- ref:0 ;
in:247 out:244 type:P dur:2 cpbdur:2 q:37.40 aq:25.00 tex:73 mv:17 misc:302 imb:0 pmb:6 smb:3594 d:- ref:0 ;
in:245 out:245 type:B dur:2 cpbdur:2 q:37.40 aq:30.00 tex:0 mv:0 misc:232 imb:0 pmb:0 smb:3600 d:- ref:0 ;
in:244 out:246 type:b dur:2 cpbdur:2 q:37.40 aq:32.00 tex:0 mv:0 misc:216 imb:0 pmb:0 smb:3600 d:- ref:0 ;
in:246 out:247 type:b dur:2 cpbdur:2 q:37.40 aq:32.00 tex:0 mv:0 misc:216 imb:0 pmb:0 smb:3600 d:- ref:0 ;
in:249 out:248 type:P dur:2 cpbdur:2 q:37.40 aq:31.00 tex:0 mv:0 misc:248 imb:0 pmb:0 smb:3600 d:- ref:0 ;
in:248 out:249 type:b dur:2 cpbdur:2 q:37.40 aq:32.00 tex:0 mv:0 misc:216 imb:0 pmb:0 smb:3600 d:- ref:0 ;
in:250 out:250 type:I dur:2 cpbdur:2 q:34.49 aq:21.26 tex:284078 mv:69865 misc:473 imb:3600 pmb:0 smb:0 d:- ref:;
in:254 out:251 type:P dur:2 cpbdur:2 q:37.40 aq:23.40 tex:265 mv:78 misc:385 imb:1 pmb:20 smb:3579 d:- ref:0 ;
in:252 out:252 type:B dur:2 cpbdur:2 q:37.40 aq:31.00 tex:0 mv:0 misc:216 imb:0 pmb:0 smb:3600 d:- ref:0 ;
in:251 out:253 type:b dur:2 cpbdur:2 q:37.40 aq:32.00 tex:0 mv:0 misc:216 imb:0 pmb:0 smb:3600 d:- ref:0 ;
in:253 out:254 type:b dur:2 cpbdur:2 q:37.40 aq:32.00 tex:0 mv:0 misc:216 imb:0 pmb:0 smb:3600 d:- ref:0 ;
in:258 out:255 type:P dur:2 cpbdur:2 q:37.40 aq:22.27 tex:158 mv:42 misc:360 imb:0 pmb:16 smb:3584 d:- ref:0 ;
in:256 out:256 type:B dur:2 cpbdur:2 q:37.40 aq:30.00 tex:0 mv:0 misc:232 imb:0 pmb:0 smb:3600 d:- ref:0 ;
in:255 out:257 type:b dur:2 cpbdur:2 q:37.40 aq:32.00 tex:0 mv:0 misc:216 imb:0 pmb:0 smb:3600 d:- ref:0 ;
in:257 out:258 type:b dur:2 cpbdur:2 q:37.40 aq:32.00 tex:0 mv:0 misc:216 imb:0 pmb:0 smb:3600 d:- ref:0 ;
in:262 out:259 type:P dur:2 cpbdur:2 q:37.40 aq:22.34 tex:81 mv:30 misc:329 imb:0 pmb:10 smb:3590 d:- ref:0 ;
in:260 out:260 type:B dur:2 cpbdur:2 q:37.40 aq:30.00 tex:0 mv:0 misc:232 imb:0 pmb:0 smb:3600 d:- ref:0 ;
in:259 out:261 type:b dur:2 cpbdur:2 q:37.40 aq:32.00 tex:0 mv:0 misc:216 imb:0 pmb:0 smb:3600 d:- ref:0 ;
in:261 out:262 type:b dur:2 cpbdur:2 q:37.40 aq:32.00 tex:0 mv:0 misc:216 imb:0 pmb:0 smb:3600 d:- ref:0 ;
in:266 out:263 type:P dur:2 cpbdur:2 q:37.40 aq:23.75 tex:583 mv:142 misc:755 imb:2 pmb:97 smb:3501 d:- ref:0 ;
in:264 out:264 type:B dur:2 cpbdur:2 q:37.40 aq:30.00 tex:0 mv:0 misc:232 imb:0 pmb:0 smb:3600 d:- ref:0 ;
in:263 out:265 type:b dur:2 cpbdur:2 q:37.40 aq:32.00 tex:0 mv:0 misc:216 imb:0 pmb:0 smb:3600 d:- ref:0 ;
in:265 out:266 type:b dur:2 cpbdur:2 q:37.40 aq:32.00 tex:0 mv:0 misc:216 imb:0 pmb:0 smb:3600 d:- ref:0 ;
in:270 out:267 type:P dur:2 cpbdur:2 q:37.40 aq:23.54 tex:433 mv:143 misc:712 imb:5 pmb:75 smb:3520 d:- ref:0 ;
in:268 out:268 type:B dur:2 cpbdur:2 q:37.40 aq:31.00 tex:0 mv:0 misc:232 imb:0 pmb:0 smb:3600 d:- ref:0 ;
in:267 out:269 type:b dur:2 cpbdur:2 q:37.40 aq:32.00 tex:0 mv:0 misc:216 imb:0 pmb:0 smb:3600 d:- ref:0 ;
in:269 out:270 type:b dur:2 cpbdur:2 q:37.40 aq:32.00 tex:0 mv:0 misc:216 imb:0 pmb:0 smb:3600 d:- ref:0 ;
in:274 out:271 type:P dur:2 cpbdur:2 q:37.40 aq:23.20 tex:571 mv:225 misc:740 imb:5 pmb:81 smb:3514 d:- ref:0 ;
in:272 out:272 type:B dur:2 cpbdur:2 q:37.40 aq:31.00 tex:0 mv:0 misc:232 imb:0 pmb:0 smb:3600 d:- ref:0 ;
in:271 out:273 type:b dur:2 cpbdur:2 q:37.40 aq:32.00 tex:0 mv:0 misc:216 imb:0 pmb:0 smb:3600 d:- ref:0 ;
in:273 out:274 type:b dur:2 cpbdur:2 q:37.40 aq:32.00 tex:0 mv:0 misc:216 imb:0 pmb:0 smb:3600 d:- ref:0 ;
in:278 out:275 type:P dur:2 cpbdur:2 q:37.40 aq:22.83 tex:240 mv:77 misc:451 imb:1 pmb:29 smb:3570 d:- ref:0 ;
in:276 out:276 type:B dur:2 cpbdur:2 q:37.40 aq:30.00 tex:0 mv:0 misc:232 imb:0 pmb:0 smb:3600 d:- ref:0 ;
in:275 out:277 type:b dur:2 cpbdur:2 q:37.40 aq:32.00 tex:0 mv:0 misc:216 imb:0 pmb:0 smb:3600 d:- ref:0 ;
in:277 out:278 type:b dur:2 cpbdur:2 q:37.40 aq:32.00 tex:0 mv:0 misc:216 imb:0 pmb:0 smb:3600 d:- ref:0 ;
in:282 out:279 type:P dur:2 cpbdur:2 q:37.40 aq:22.89 tex:294 mv:97 misc:489 imb:1 pmb:34 smb:3565 d:- ref:0 ;
in:280 out:280 type:B dur:2 cpbdur:2 q:37.40 aq:30.00 tex:0 mv:0 misc:232 imb:0 pmb:0 smb:3600 d:- ref:0 ;
in:279 out:281 type:b dur:2 cpbdur:2 q:37.40 aq:32.00 tex:0 mv:0 misc:216 imb:0 pmb:0 smb:3600 d:- ref:0 ;
in:281 out:282 type:b dur:2 cpbdur:2 q:37.40 aq:32.00 tex:0 mv:0 misc:216 imb:0 pmb:0 smb:3600 d:- ref:0 ;
in:286 out:283 type:P dur:2 cpbdur:2 q:37.40 aq:23.00 tex:180 mv:61 misc:447 imb:1 pmb:26 smb:3573 d:- ref:0 ;
in:284 out:284 type:B dur:2 cpbdur:2 q:37.40 aq:30.00 tex:0 mv:0 misc:232 imb:0 pmb:0 smb:3600 d:- ref:0 ;
in:283 out:285 type:b dur:2 cpbdur:2 q:37.40 aq:32.00 tex:0 mv:0 misc:216 imb:0 pmb:0 smb:3600 d:- ref:0 ;
in:285 out:286 type:b dur:2 cpbdur:2 q:37.40 aq:32.00 tex:0 mv:0 misc:216 imb:0 pmb:0 smb:3600 d:- ref:0 ;
in:290 out:287 type:P dur:2 cpbdur:2 q:37.40 aq:23.44 tex:403 mv:91 misc:442 imb:3 pmb:24 smb:3573 d:- ref:0 ;
in:288 out:288 type:B dur:2 cpbdur:2 q:37.40 aq:30.00 tex:0 mv:0 misc:232 imb:0 pmb:0 smb:3600 d:- ref:0 ;
in:287 out:289 type:b dur:2 cpbdur:2 q:37.40 aq:32.00 tex:0 mv:0 misc:216 imb:0 pmb:0 smb:3600 d:- ref:0 ;
in:289 out:290 type:b dur:2 cpbdur:2 q:37.40 aq:32.00 tex:0 mv:0 misc:216 imb:0 pmb:0 smb:3600 d:- ref:0 ;
in:294 out:291 type:P dur:2 cpbdur:2 q:37.40 aq:21.69 tex:63 mv:18 misc:311 imb:0 pmb:7 smb:3593 d:- ref:0 ;
in:292 out:292 type:B dur:2 cpbdur:2 q:37.40 aq:30.00 tex:0 mv:0 misc:232 imb:0 pmb:0 smb:3600 d:- ref:0 ;
in:291 out:293 type:b dur:2 cpbdur:2 q:37.40 aq:32.00 tex:0 mv:0 misc:216 imb:0 pmb:0 smb:3600 d:- ref:0 ;
in:293 out:294 type:b dur:2 cpbdur:2 q:37.40 aq:32.00 tex:0 mv:0 misc:216 imb:0 pmb:0 smb:3600 d:- ref:0 ;
in:298 out:295 type:P dur:2 cpbdur:2 q:37.40 aq:23.59 tex:515 mv:148 misc:729 imb:3 pmb:86 smb:3511 d:- ref:0 ;
in:296 out:296 type:B dur:2 cpbdur:2 q:37.40 aq:29.00 tex:0 mv:0 misc:232 imb:0 pmb:0 smb:3600 d:- ref:0 ;
in:295 out:297 type:b dur:2 cpbdur:2 q:37.40 aq:32.00 tex:0 mv:0 misc:216 imb:0 pmb:0 smb:3600 d:- ref:0 ;
in:297 out:298 type:b dur:2 cpbdur:2 q:37.40 aq:32.00 tex:0 mv:0 misc:216 imb:0 pmb:0 smb:3600 d:- ref:0 ;
in:302 out:299 type:P dur:2 cpbdur:2 q:37.40 aq:22.62 tex:441 mv:145 misc:686 imb:1 pmb:82 smb:3517 d:- ref:0 ;
in:300 out:300 type:B dur:2 cpbdur:2 q:37.40 aq:29.00 tex:0 mv:0 misc:232 imb:0 pmb:0 smb:3600 d:- ref:0 ;
in:299 out:301 type:b dur:2 cpbdur:2 q:37.40 aq:32.00 tex:0 mv:0 misc:216 imb:0 pmb:0 smb:3600 d:- ref:0 ;
in:301 out:302 type:b dur:2 cpbdur:2 q:37.40 aq:32.00 tex:0 mv:0 misc:216 imb:0 pmb:0 smb:3600 d:- ref:0 ;
in:306 out:303 type:P dur:2 cpbdur:2 q:37.40 aq:22.03 tex:619 mv:184 misc:797 imb:3 pmb:115 smb:3482 d:- ref:0 ;
in:304 out:304 type:B dur:2 cpbdur:2 q:37.40 aq:30.00 tex:0 mv:0 misc:232 imb:0 pmb:0 smb:3600 d:- ref:0 ;
in:303 out:305 type:b dur:2 cpbdur:2 q:37.40 aq:32.00 tex:0 mv:0 misc:216 imb:0 pmb:0 smb:3600 d:- ref:0 ;
in:305 out:306 type:b dur:2 cpbdur:2 q:37.40 aq:32.00 tex:0 mv:0 misc:216 imb:0 pmb:0 smb:3600 d:- ref:0 ;
in:310 out:307 type:P dur:2 cpbdur:2 q:37.40 aq:22.97 tex:351 mv:60 misc:485 imb:0 pmb:37 smb:3563 d:- ref:0 ;
in:308 out:308 type:B dur:2 cpbdur:2 q:37.40 aq:29.00 tex:0 mv:0 misc:232 imb:0 pmb:0 smb:3600 d:- ref:0 ;
in:307 out:309 type:b dur:2 cpbdur:2 q:37.40 aq:32.00 tex:0 mv:0 misc:216 imb:0 pmb:0 smb:3600 d:- ref:0 ;
in:309 out:310 type:b dur:2 cpbdur:2 q:37.40 aq:32.00 tex:0 mv:0 misc:216 imb:0 pmb:0 smb:3600 d:- ref:0 ;
in:314 out:311 type:P dur:2 cpbdur:2 q:37.40 aq:22.00 tex:189 mv:65 misc:434 imb:1 pmb:25 smb:3574 d:- ref:0 ;
in:312 out:312 type:B dur:2 cpbdur:2 q:37.40 aq:30.00 tex:0 mv:0 misc:232 imb:0 pmb:0 smb:3600 d:- ref:0 ;
in:311 out:313 type:b dur:2 cpbdur:2 q:37.40 aq:32.00 tex:0 mv:0 misc:216 imb:0 pmb:0 smb:3600 d:- ref:0 ;
in:313 out:314 type:b dur:2 cpbdur:2 q:37.40 aq:32.00 tex:0 mv:0 misc:216 imb:0 pmb:0 smb:3600 d:- ref:0 ;
in:318 out:315 type:P dur:2 cpbdur:2 q:37.40 aq:22.57 tex:168 mv:45 misc:379 imb:0 pmb:16 smb:3584 d:- ref:0 ;
in:316 out:316 type:B dur:2 cpbdur:2 q:37.40 aq:30.00 tex:0 mv:0 misc:232 imb:0 pmb:0 smb:3600 d:- ref:0 ;
in:315 out:317 type:b dur:2 cpbdur:2 q:37.40 aq:32.00 tex:0 mv:0 misc:216 imb:0 pmb:0 smb:3600 d:- ref:0 ;
in:317 out:318 type:b dur:2 cpbdur:2 q:37.40 aq:32.00 tex:0 mv:0 misc:216 imb:0 pmb:0 smb:3600 d:- ref:0 ;
in:322 out:319 type:P dur:2 cpbdur:2 q:37.40 aq:22.03 tex:109 mv:29 misc:334 imb:0 pmb:10 smb:3590 d:- ref:0 ;
in:320 out:320 type:B dur:2 cpbdur:2 q:37.40 aq:30.00 tex:0 mv:0 misc:232 imb:0 pmb:0 smb:3600 d:- ref:0 ;
in:319 out:321 type:b dur:2 cpbdur:2 q:37.40 aq:32.00 tex:0 mv:0 misc:216 imb:0 pmb:0 smb:3600 d:- ref:0 ;
in:321 out:322 type:b dur:2 cpbdur:2 q:37.40 aq:32.00 tex:0 mv:0 misc:216 imb:0 pmb:0 smb:3600 d:- ref:0 ;
in:326 out:323 type:P dur:2 cpbdur:2 q:37.40 aq:24.08 tex:182 mv:49 misc:377 imb:1 pmb:14 smb:3585 d:- ref:0 ;
in:324 out:324 type:B dur:2 cpbdur:2 q:37.40 aq:30.00 tex:0 mv:0 misc:232 imb:0 pmb:0 smb:3600 d:- ref:0 ;
in:323 out:325 type:b dur:2 cpbdur:2 q:37.40 aq:32.00 tex:0 mv:0 misc:216 imb:0 pmb:0 smb:3600 d:- ref:0 ;
in:325 out:326 type:b dur:2 cpbdur:2 q:37.40 aq:32.00 tex:0 mv:0 misc:216 imb:0 pmb:0 smb:3600 d:- ref:0 ;
in:330 out:327 type:P dur:2 cpbdur:2 q:37.40 aq:22.59 tex:318 mv:91 misc:583 imb:1 pmb:61 smb:3538 d:- ref:0 ;
in:328 out:328 type:B dur:2 cpbdur:2 q:37.40 aq:30.00 tex:0 mv:0 misc:232 imb:0 pmb:0 smb:3600 d:- ref:0 ;
in:327 out:329 type:b dur:2 cpbdur:2 q:37.40 aq:32.00 tex:0 mv:0 misc:216 imb:0 pmb:0 smb:3600 d:- ref:0 ;
in:329 out:330 type:b dur:2 cpbdur:2 q:37.40 aq:32.00 tex:0 mv:0 misc:216 imb:0 pmb:0 smb:3600 d:- ref:0 ;
in:334 out:331 type:P dur:2 cpbdur:2 q:37.40 aq:24.51 tex:571 mv:93 misc:728 imb:0 pmb:95 smb:3505 d:- ref:0 ;
in:332 out:332 type:B dur:2 cpbdur:2 q:37.40 aq:30.00 tex:0 mv:0 misc:232 imb:0 pmb:0 smb:3600 d:- ref:0 ;
in:331 out:333 type:b dur:2 cpbdur:2 q:37.40 aq:32.00 tex:0 mv:0 misc:216 imb:0 pmb:0 smb:3600 d:- ref:0 ;
in:333 out:334 type:b dur:2 cpbdur:2 q:37.40 aq:32.00 tex:0 mv:0 misc:216 imb:0 pmb:0 smb:3600 d:- ref:0 ;
in:338 out:335 type:P dur:2 cpbdur:2 q:37.40 aq:22.03 tex:543 mv:145 misc:768 imb:1 pmb:111 smb:3488 d:- ref:0 ;
in:336 out:336 type:B dur:2 cpbdur:2 q:37.40 aq:31.00 tex:0 mv:0 misc:232 imb:0 pmb:0 smb:3600 d:- ref:0 ;
in:335 out:337 type:b dur:2 cpbdur:2 q:37.40 aq:32.00 tex:0 mv:0 misc:216 imb:0 pmb:0 smb:3600 d:- ref:0 ;
in:337 out:338 type:b dur:2 cpbdur:2 q:37.40 aq:32.00 tex:0 mv:0 misc:216 imb:0 pmb:0 smb:3600 d:- ref:0 ;
in:342 out:339 type:P dur:2 cpbdur:2 q:37.40 aq:23.18 tex:226 mv:83 misc:459 imb:1 pmb:31 smb:3568 d:- ref:0 ;
in:340 out:340 type:B dur:2 cpbdur:2 q:37.40 aq:30.00 tex:0 mv:0 misc:232 imb:0 pmb:0 smb:3600 d:- ref:0 ;
in:339 out:341 type:b dur:2 cpbdur:2 q:37.40 aq:32.00 tex:0 mv:0 misc:216 imb:0 pmb:0 smb:3600 d:- ref:0 ;
in:341 out:342 type:b dur:2 cpbdur:2 q:37.40 aq:32.00 tex:0 mv:0 misc:216 imb:0 pmb:0 smb:3600 d:- ref:0 ;
in:346 out:343 type:P dur:2 cpbdur:2 q:37.40 aq:23.66 tex:282 mv:59 misc:475 imb:0 pmb:33 smb:3567 d:- ref:0 ;
in:344 out:344 type:B dur:2 cpbdur:2 q:37.40 aq:30.00 tex:0 mv:0 misc:232 imb:0 pmb:0 smb:3600 d:- ref:0 ;
in:343 out:345 type:b dur:2 cpbdur:2 q:37.40 aq:32.00 tex:0 mv:0 misc:216 imb:0 pmb:0 smb:3600 d:- ref:0 ;
in:345 out:346 type:b dur:2 cpbdur:2 q:37.40 aq:32.00 tex:0 mv:0 misc:216 imb:0 pmb:0 smb:3600 d:- ref:0 ;
in:350 out:347 type:P dur:2 cpbdur:2 q:37.40 aq:23.00 tex:151 mv:45 misc:396 imb:0 pmb:20 smb:3580 d:- ref:0 ;
in:348 out:348 type:B dur:2 cpbdur:2 q:37.40 aq:31.00 tex:0 mv:0 misc:232 imb:0 pmb:0 smb:3600 d:- ref:0 ;
in:347 out:349 type:b dur:2 cpbdur:2 q:37.40 aq:32.00 tex:0 mv:0 misc:216 imb:0 pmb:0 smb:3600 d:- ref:0 ;
in:349 out:350 type:b dur:2 cpbdur:2 q:37.40 aq:32.00 tex:0 mv:0 misc:216 imb:0 pmb:0 smb:3600 d:- ref:0 ;
in:354 out:351 type:P dur:2 cpbdur:2 q:37.40 aq:23.00 tex:40 mv:16 misc:288 imb:0 pmb:5 smb:3595 d:- ref:0 ;
in:352 out:352 type:B dur:2 cpbdur:2 q:37.40 aq:30.00 tex:0 mv:0 misc:232 imb:0 pmb:0 smb:3600 d:- ref:0 ;
in:351 out:353 type:b dur:2 cpbdur:2 q:37.40 aq:32.00 tex:0 mv:0 misc:216 imb:0 pmb:0 smb:3600 d:- ref:0 ;
in:353 out:354 type:b dur:2 cpbdur:2 q:37.40 aq:32.00 tex:0 mv:0 misc:216 imb:0 pmb:0 smb:3600 d:- ref:0 ;
in:358 out:355 type:P dur:2 cpbdur:2 q:37.40 aq:23.00 tex:27 mv:10 misc:267 imb:0 pmb:3 smb:3597 d:- ref:0 ;
in:356 out:356 type:B dur:2 cpbdur:2 q:37.40 aq:30.00 tex:0 mv:0 misc:232 imb:0 pmb:0 smb:3600 d:- ref:0 ;
in:355 out:357 type:b dur:2 cpbdur:2 q:37.40 aq:32.00 tex:0 mv:0 misc:216 imb:0 pmb:0 smb:3600 d:- ref:0 ;
in:357 out:358 type:b dur:2 cpbdur:2 q:37.40 aq:32.00 tex:0 mv:0 misc:216 imb:0 pmb:0 smb:3600 d:- ref:0 ;
in:362 out:359 type:P dur:2 cpbdur:2 q:37.40 aq:23.00 tex:135 mv:44 misc:405 imb:0 pmb:23 smb:3577 d:- ref:0 ;
in:360 out:360 type:B dur:2 cpbdur:2 q:37.40 aq:30.00 tex:0 mv:0 misc:232 imb:0 pmb:0 smb:3600 d:- ref:0 ;
in:359 out:361 type:b dur:2 cpbdur:2 q:37.40 aq:32.00 tex:0 mv:0 misc:216 imb:0 pmb:0 smb:3600 d:- ref:0 ;
in:361 out:362 type:b dur:2 cpbdur:2 q:37.40 aq:32.00 tex:0 mv:0 misc:216 imb:0 pmb:0 smb:3600 d:- ref:0 ;
in:366 out:363 type:P dur:2 cpbdur:2 q:37.40 aq:24.00 tex:72 mv:23 misc:321 imb:0 pmb:10 smb:3590 d:- ref:0 ;
in:364 out:364 type:B dur:2 cpbdur:2 q:37.40 aq:30.00 tex:0 mv:0 misc:232 imb:0 pmb:0 smb:3600 d:- ref:0 ;
in:363 out:365 type:b dur:2 cpbdur:2 q:37.40 aq:32.00 tex:0 mv:0 misc:216 imb:0 pmb:0 smb:3600 d:- ref:0 ;
in:365 out:366 type:b dur:2 cpbdur:2 q:37.40 aq:32.00 tex:0 mv:0 misc:216 imb:0 pmb:0 smb:3600 d:- ref:0 ;
in:370 out:367 type:P dur:2 cpbdur:2 q:37.40 aq:24.00 tex:43 mv:24 misc:301 imb:1 pmb:5 smb:3594 d:- ref:0 ;
in:368 out:368 type:B dur:2 cpbdur:2 q:37.40 aq:31.00 tex:0 mv:0 misc:232 imb:0 pmb:0 smb:3600 d:- ref:0 ;
in:367 out:369 type:b dur:2 cpbdur:2 q:37.40 aq:32.00 tex:0 mv:0 misc:216 imb:0 pmb:0 smb:3600 d:- ref:0 ;
in:369 out:370 type:b dur:2 cpbdur:2 q:37.40 aq:32.00 tex:0 mv:0 misc:216 imb:0 pmb:0 smb:3600 d:- ref:0 ;
in:374 out:371 type:P dur:2 cpbdur:2 q:37.40 aq:23.33 tex:71 mv:24 misc:321 imb:0 pmb:9 smb:3591 d:- ref:0 ;
in:372 out:372 type:B dur:2 cpbdur:2 q:37.40 aq:30.00 tex:0 mv:0 misc:232 imb:0 pmb:0 smb:3600 d:- ref:0 ;
in:371 out:373 type:b dur:2 cpbdur:2 q:37.40 aq:32.00 tex:0 mv:0 misc:216 imb:0 pmb:0 smb:3600 d:- ref:0 ;
in:373 out:374 type:b dur:2 cpbdur:2 q:37.40 aq:32.00 tex:0 mv:0 misc:216 imb:0 pmb:0 smb:3600 d:- ref:0 ;
in:378 out:375 type:P dur:2 cpbdur:2 q:37.40 aq:23.92 tex:496 mv:132 misc:588 imb:5 pmb:50 smb:3545 d:- ref:0 ;
in:376 out:376 type:B dur:2 cpbdur:2 q:37.40 aq:30.00 tex:0 mv:0 misc:232 imb:0 pmb:0 smb:3600 d:- ref:0 ;
in:375 out:377 type:b dur:2 cpbdur:2 q:37.40 aq:32.00 tex:0 mv:0 misc:216 imb:0 pmb:0 smb:3600 d:- ref:0 ;
in:377 out:378 type:b dur:2 cpbdur:2 q:37.40 aq:32.00 tex:0 mv:0 misc:216 imb:0 pmb:0 smb:3600 d:- ref:0 ;
in:382 out:379 type:P dur:2 cpbdur:2 q:37.40 aq:23.00 tex:177 mv:59 misc:428 imb:1 pmb:24 smb:3575 d:- ref:0 ;
in:380 out:380 type:B dur:2 cpbdur:2 q:37.40 aq:30.00 tex:0 mv:0 misc:232 imb:0 pmb:0 smb:3600 d:- ref:0 ;
in:379 out:381 type:b dur:2 cpbdur:2 q:37.40 aq:32.00 tex:0 mv:0 misc:216 imb:0 pmb:0 smb:3600 d:- ref:0 ;
in:381 out:382 type:b dur:2 cpbdur:2 q:37.40 aq:32.00 tex:0 mv:0 misc:216 imb:0 pmb:0 smb:3600 d:- ref:0 ;
in:386 out:383 type:P dur:2 cpbdur:2 q:37.40 aq:22.08 tex:258 mv:88 misc:422 imb:3 pmb:21 smb:3576 d:- ref:0 ;
in:384 out:384 type:B dur:2 cpbdur:2 q:37.40 aq:30.00 tex:0 mv:0 misc:232 imb:0 pmb:0 smb:3600 d:- ref:0 ;
in:383 out:385 type:b dur:2 cpbdur:2 q:37.40 aq:32.00 tex:0 mv:0 misc:216 imb:0 pmb:0 smb:3600 d:- ref:0 ;
in:385 out:386 type:b dur:2 cpbdur:2 q:37.40 aq:32.00 tex:0 mv:0 misc:216 imb:0 pmb:0 smb:3600 d:- ref:0 ;
in:390 out:387 type:P dur:2 cpbdur:2 q:37.40 aq:22.30 tex:98 mv:36 misc:346 imb:0 pmb:13 smb:3587 d:- ref:0 ;
in:388 out:388 type:B dur:2 cpbdur:2 q:37.40 aq:30.00 tex:0 mv:0 misc:232 imb:0 pmb:0 smb:3600 d:- ref:0 ;
in:387 out:389 type:b dur:2 cpbdur:2 q:37.40 aq:32.00 tex:0 mv:0 misc:216 imb:0 pmb:0 smb:3600 d:- ref:0 ;
in:389 out:390 type:b dur:2 cpbdur:2 q:37.40 aq:32.00 tex:0 mv:0 misc:216 imb:0 pmb:0 smb:3600 d:- ref:0 ;
in:394 out:391 type:P dur:2 cpbdur:2 q:37.40 aq:22.21 tex:57 mv:21 misc:290 imb:1 pmb:3 smb:3596 d:- ref:0 ;
in:392 out:392 type:B dur:2 cpbdur:2 q:37.40 aq:30.00 tex:0 mv:0 misc:232 imb:0 pmb:0 smb:3600 d:- ref:0 ;
in:391 out:393 type:b dur:2 cpbdur:2 q:37.40 aq:32.00 tex:0 mv:0 misc:216 imb:0 pmb:0 smb:3600 d:- ref:0 ;
in:393 out:394 type:b dur:2 cpbdur:2 q:37.40 aq:32.00 tex:0 mv:0 misc:216 imb:0 pmb:0 smb:3600 d:- ref:0 ;
in:398 out:395 type:P dur:2 cpbdur:2 q:37.40 aq:23.28 tex:541 mv:169 misc:738 imb:1 pmb:92 smb:3507 d:- ref:0 ;
in:396 out:396 type:B dur:2 cpbdur:2 q:37.40 aq:30.00 tex:0 mv:0 misc:232 imb:0 pmb:0 smb:3600 d:- ref:0 ;
in:395 out:397 type:b dur:2 cpbdur:2 q:37.40 aq:32.00 tex:0 mv:0 misc:216 imb:0 pmb:0 smb:3600 d:- ref:0 ;
in:397 out:398 type:b dur:2 cpbdur:2 q:37.40 aq:32.00 tex:0 mv:0 misc:216 imb:0 pmb:0 smb:3600 d:- ref:0 ;
in:402 out:399 type:P dur:2 cpbdur:2 q:37.40 aq:23.42 tex:486 mv:113 misc:649 imb:2 pmb:69 smb:3529 d:- ref:0 ;
in:400 out:400 type:B dur:2 cpbdur:2 q:37.40 aq:30.00 tex:0 mv:0 misc:232 imb:0 pmb:0 smb:3600 d:- ref:0 ;
in:399 out:401 type:b dur:2 cpbdur:2 q:37.40 aq:32.00 tex:0 mv:0 misc:216 imb:0 pmb:0 smb:3600 d:- ref:0 ;
in:401 out:402 type:b dur:2 cpbdur:2 q:37.40 aq:32.00 tex:0 mv:0 misc:216 imb:0 pmb:0 smb:3600 d:- ref:0 ;
in:406 out:403 type:P dur:2 cpbdur:2 q:37.40 aq:22.69 tex:432 mv:131 misc:653 imb:2 pmb:72 smb:3526 d:- ref:0 ;
in:404 out:404 type:B dur:2 cpbdur:2 q:37.40 aq:31.00 tex:0 mv:0 misc:232 imb:0 pmb:0 smb:3600 d:- ref:0 ;
in:403 out:405 type:b dur:2 cpbdur:2 q:37.40 aq:32.00 tex:0 mv:0 misc:216 imb:0 pmb:0 smb:3600 d:- ref:0 ;
in:405 out:406 type:b dur:2 cpbdur:2 q:37.40 aq:32.00 tex:0 mv:0 misc:216 imb:0 pmb:0 smb:3600 d:- ref:0 ;
in:410 out:407 type:P dur:2 cpbdur:2 q:37.40 aq:23.95 tex:229 mv:65 misc:450 imb:0 pmb:35 smb:3565 d:- ref:0 ;
in:408 out:408 type:B dur:2 cpbdur:2 q:37.40 aq:30.00 tex:0 mv:0 misc:232 imb:0 pmb:0 smb:3600 d:- ref:0 ;
in:407 out:409 type:b dur:2 cpbdur:2 q:37.40 aq:32.00 tex:0 mv:0 misc:216 imb:0 pmb:0 smb:3600 d:- ref:0 ;
in:409 out:410 type:b dur:2 cpbdur:2 q:37.40 aq:32.00 tex:0 mv:0 misc:216 imb:0 pmb:0 smb:3600 d:- ref:0 ;
in:414 out:411 type:P dur:2 cpbdur:2 q:37.40 aq:22.00 tex:205 mv:73 misc:426 imb:1 pmb:25 smb:3574 d:- ref:0 ;
in:412 out:412 type:B dur:2 cpbdur:2 q:37.40 aq:30.00 tex:0 mv:0 misc:232 imb:0 pmb:0 smb:3600 d:- ref:0 ;
in:411 out:413 type:b dur:2 cpbdur:2 q:37.40 aq:32.00 tex:0 mv:0 misc:216 imb:0 pmb:0 smb:3600 d:- ref:0 ;
in:413 out:414 type:b dur:2 cpbdur:2 q:37.40 aq:32.00 tex:0 mv:0 misc:216 imb:0 pmb:0 smb:3600 d:- ref:0 ;
in:418 out:415 type:P dur:2 cpbdur:2 q:37.40 aq:22.00 tex:135 mv:58 misc:415 imb:1 pmb:21 smb:3578 d:- ref:0 ;
in:416 out:416 type:B dur:2 cpbdur:2 q:37.40 aq:30.00 tex:0 mv:0 misc:232 imb:0 pmb:0 smb:3600 d:- ref:0 ;
in:415 out:417 type:b dur:2 cpbdur:2 q:37.40 aq:32.00 tex:0 mv:0 misc:216 imb:0 pmb:0 smb:3600 d:- ref:0 ;
in:417 out:418 type:b dur:2 cpbdur:2 q:37.40 aq:32.00 tex:0 mv:0 misc:216 imb:0 pmb:0 smb:3600 d:- ref:0 ;
in:422 out:419 type:P dur:2 cpbdur:2 q:37.40 aq:23.39 tex:74 mv:29 misc:321 imb:0 pmb:8 smb:3592 d:- ref:0 ;
in:420 out:420 type:B dur:2 cpbdur:2 q:37.40 aq:31.00 tex:0 mv:0 misc:232 imb:0 pmb:0 smb:3600 d:- ref:0 ;
in:419 out:421 type:b dur:2 cpbdur:2 q:37.40 aq:32.00 tex:0 mv:0 misc:216 imb:0 pmb:0 smb:3600 d:- ref:0 ;
in:421 out:422 type:b dur:2 cpbdur:2 q:37.40 aq:32.00 tex:0 mv:0 misc:216 imb:0 pmb:0 smb:3600 d:- ref:0 ;
in:426 out:423 type:P dur:2 cpbdur:2 q:37.40 aq:22.00 tex:55 mv:26 misc:303 imb:1 pmb:5 smb:3594 d:- ref:0 ;
in:424 out:424 type:B dur:2 cpbdur:2 q:37.40 aq:30.00 tex:0 mv:0 misc:232 imb:0 pmb:0 smb:3600 d:- ref:0 ;
in:423 out:425 type:b dur:2 cpbdur:2 q:37.40 aq:32.00 tex:0 mv:0 misc:216 imb:0 pmb:0 smb:3600 d:- ref:0 ;
in:425 out:426 type:b dur:2 cpbdur:2 q:37.40 aq:32.00 tex:0 mv:0 misc:216 imb:0 pmb:0 smb:3600 d:- ref:0 ;
in:430 out:427 type:P dur:2 cpbdur:2 q:37.40 aq:23.63 tex:531 mv:95 misc:798 imb:1 pmb:109 smb:3490 d:- ref:0 ;
in:428 out:428 type:B dur:2 cpbdur:2 q:37.40 aq:30.00 tex:0 mv:0 misc:232 imb:0 pmb:0 smb:3600 d:- ref:0 ;
in:427 out:429 type:b dur:2 cpbdur:2 q:37.40 aq:32.00 tex:0 mv:0 misc:216 imb:0 pmb:0 smb:3600 d:- ref:0 ;
in:429 out:430 type:b dur:2 cpbdur:2 q:37.40 aq:32.00 tex:0 mv:0 misc:216 imb:0 pmb:0 smb:3600 d:- ref:0 ;
in:434 out:431 type:P dur:2 cpbdur:2 q:37.40 aq:23.49 tex:546 mv:152 misc:766 imb:2 pmb:94 smb:3504 d:- ref:0 ;
in:432 out:432 type:B dur:2 cpbdur:2 q:37.40 aq:30.00 tex:0 mv:0 misc:232 imb:0 pmb:0 smb:3600 d:- ref:0 ;
in:431 out:433 type:b dur:2 cpbdur:2 q:37.40 aq:32.00 tex:0 mv:0 misc:216 imb:0 pmb:0 smb:3600 d:- ref:0 ;
in:433 out:434 type:b dur:2 cpbdur:2 q:37.40 aq:32.00 tex:0 mv:0 misc:216 imb:0 pmb:0 smb:3600 d:- ref:0 ;
in:438 out:435 type:P dur:2 cpbdur:2 q:37.40 aq:22.94 tex:642 mv:110 misc:800 imb:2 pmb:112 smb:3486 d:- ref:0 ;
in:436 out:436 type:B dur:2 cpbdur:2 q:37.40 aq:30.00 tex:0 mv:0 misc:232 imb:0 pmb:0 smb:3600 d:- ref:0 ;
in:435 out:437 type:b dur:2 cpbdur:2 q:37.40 aq:32.00 tex:0 mv:0 misc:216 imb:0 pmb:0 smb:3600 d:- ref:0 ;
in:437 out:438 type:b dur:2 cpbdur:2 q:37.40 aq:32.00 tex:0 mv:0 misc:216 imb:0 pmb:0 smb:3600 d:- ref:0 ;
in:442 out:439 type:P dur:2 cpbdur:2 q:37.40 aq:22.60 tex:543 mv:120 misc:585 imb:4 pmb:48 smb:3548 d:- ref:0 ;
in:440 out:440 type:B dur:2 cpbdur:2 q:37.40 aq:30.00 tex:0 mv:0 misc:232 imb:0 pmb:0 smb:3600 d:- ref:0 ;
in:439 out:441 type:b dur:2 cpbdur:2 q:37.40 aq:32.00 tex:0 mv:0 misc:216 imb:0 pmb:0 smb:3600 d:- ref:0 ;
in:441 out:442 type:b dur:2 cpbdur:2 q:37.40 aq:32.00 tex:0 mv:0 misc:216 imb:0 pmb:0 smb:3600 d:- ref:0 ;
in:446 out:443 type:P dur:2 cpbdur:2 q:37.40 aq:21.48 tex:210 mv:66 misc:412 imb:0 pmb:25 smb:3575 d:- ref:0 ;
in:444 out:444 type:B dur:2 cpbdur:2 q:37.40 aq:30.00 tex:0 mv:0 misc:232 imb:0 pmb:0 smb:3600 d:- ref:0 ;
in:443 out:445 type:b dur:2 cpbdur:2 q:37.40 aq:32.00 tex:0 mv:0 misc:216 imb:0 pmb:0 smb:3600 d:- ref:0 ;
in:445 out:446 type:b dur:2 cpbdur:2 q:37.40 aq:32.00 tex:0 mv:0 misc:216 imb:0 pmb:0 smb:3600 d:- ref:0 ;
in:450 out:447 type:P dur:2 cpbdur:2 q:37.40 aq:21.38 tex:157 mv:40 misc:403 imb:0 pmb:21 smb:3579 d:- ref:0 ;
in:448 out:448 type:B dur:2 cpbdur:2 q:37.40 aq:30.00 tex:0 mv:0 misc:232 imb:0 pmb:0 smb:3600 d:- ref:0 ;
in:447 out:449 type:b dur:2 cpbdur:2 q:37.40 aq:32.00 tex:0 mv:0 misc:216 imb:0 pmb:0 smb:3600 d:- ref:0 ;
in:449 out:450 type:b dur:2 cpbdur:2 q:37.40 aq:32.00 tex:0 mv:0 misc:216 imb:0 pmb:0 smb:3600 d:- ref:0 ;
in:454 out:451 type:P dur:2 cpbdur:2 q:37.40 aq:22.55 tex:134 mv:46 misc:372 imb:1 pmb:17 smb:3582 d:- ref:0 ;
in:452 out:452 type:B dur:2 cpbdur:2 q:37.40 aq:30.00 tex:0 mv:0 misc:232 imb:0 pmb:0 smb:3600 d:- ref:0 ;
in:451 out:453 type:b dur:2 cpbdur:2 q:37.40 aq:32.00 tex:0 mv:0 misc:216 imb:0 pmb:0 smb:3600 d:- ref:0 ;
in:453 out:454 type:b dur:2 cpbdur:2 q:37.40 aq:32.00 tex:0 mv:0 misc:216 imb:0 pmb:0 smb:3600 d:- ref:0 ;
in:458 out:455 type:P dur:2 cpbdur:2 q:37.40 aq:23.00 tex:87 mv:25 misc:336 imb:0 pmb:10 smb:3590 d:- ref:0 ;
in:456 out:456 type:B dur:2 cpbdur:2 q:37.40 aq:30.00 tex:0 mv:0 misc:232 imb:0 pmb:0 smb:3600 d:- ref:0 ;
in:455 out:457 type:b dur:2 cpbdur:2 q:37.40 aq:32.00 tex:0 mv:0 misc:216 imb:0 pmb:0 smb:3600 d:- ref:0 ;
in:457 out:458 type:b dur:2 cpbdur:2 q:37.40 aq:32.00 tex:0 mv:0 misc:216 imb:0 pmb:0 smb:3600 d:- ref:0 ;
in:462 out:459 type:P dur:2 cpbdur:2 q:37.40 aq:23.60 tex:321 mv:65 misc:622 imb:0 pmb:68 smb:3532 d:- ref:0 ;
in:460 out:460 type:B dur:2 cpbdur:2 q:37.40 aq:30.00 tex:0 mv:0 misc:232 imb:0 pmb:0 smb:3600 d:- ref:0 ;
in:459 out:461 type:b dur:2 cpbdur:2 q:37.40 aq:32.00 tex:0 mv:0 misc:216 imb:0 pmb:0 smb:3600 d:- ref:0 ;
in:461 out:462 type:b dur:2 cpbdur:2 q:37.40 aq:32.00 tex:0 mv:0 misc:216 imb:0 pmb:0 smb:3600 d:- ref:0 ;
in:466 out:463 type:P dur:2 cpbdur:2 q:37.40 aq:22.83 tex:457 mv:95 misc:664 imb:0 pmb:83 smb:3517 d:- ref:0 ;
in:464 out:464 type:B dur:2 cpbdur:2 q:37.40 aq:32.00 tex:0 mv:0 misc:232 imb:0 pmb:0 smb:3600 d:- ref:0 ;
in:463 out:465 type:b dur:2 cpbdur:2 q:37.40 aq:32.00 tex:0 mv:0 misc:216 imb:0 pmb:0 smb:3600 d:- ref:0 ;
in:465 out:466 type:b dur:2 cpbdur:2 q:37.40 aq:32.00 tex:0 mv:0 misc:216 imb:0 pmb:0 smb:3600 d:- ref:0 ;
in:470 out:467 type:P dur:2 cpbdur:2 q:37.40 aq:22.93 tex:276 mv:73 misc:531 imb:0 pmb:43 smb:3557 d:- ref:0 ;
in:468 out:468 type:B dur:2 cpbdur:2 q:37.40 aq:30.00 tex:0 mv:0 misc:232 imb:0 pmb:0 smb:3600 d:- ref:0 ;
in:467 out:469 type:b dur:2 cpbdur:2 q:37.40 aq:32.00 tex:0 mv:0 misc:216 imb:0 pmb:0 smb:3600 d:- ref:0 ;
in:469 out:470 type:b dur:2 cpbdur:2 q:37.40 aq:32.00 tex:0 mv:0 misc:216 imb:0 pmb:0 smb:3600 d:- ref:0 ;
in:474 out:471 type:P dur:2 cpbdur:2 q:37.40 aq:23.62 tex:333 mv:83 misc:584 imb:1 pmb:63 smb:3536 d:- ref:0 ;
in:472 out:472 type:B dur:2 cpbdur:2 q:37.40 aq:30.00 tex:0 mv:0 misc:232 imb:0 pmb:0 smb:3600 d:- ref:0 ;
in:471 out:473 type:b dur:2 cpbdur:2 q:37.40 aq:32.00 tex:0 mv:0 misc:216 imb:0 pmb:0 smb:3600 d:- ref:0 ;
in:473 out:474 type:b dur:2 cpbdur:2 q:37.40 aq:32.00 tex:0 mv:0 misc:216 imb:0 pmb:0 smb:3600 d:- ref:0 ;
in:478 out:475 type:P dur:2 cpbdur:2 q:37.40 aq:23.00 tex:125 mv:43 misc:384 imb:0 pmb:21 smb:3579 d:- ref:0 ;
in:476 out:476 type:B dur:2 cpbdur:2 q:37.40 aq:31.00 tex:0 mv:0 misc:232 imb:0 pmb:0 smb:3600 d:- ref:0 ;
in:475 out:477 type:b dur:2 cpbdur:2 q:37.40 aq:32.00 tex:0 mv:0 misc:216 imb:0 pmb:0 smb:3600 d:- ref:0 ;
in:477 out:478 type:b dur:2 cpbdur:2 q:37.40 aq:32.00 tex:0 mv:0 misc:216 imb:0 pmb:0 smb:3600 d:- ref:0 ;
in:482 out:479 type:P dur:2 cpbdur:2 q:37.40 aq:23.00 tex:98 mv:31 misc:367 imb:0 pmb:15 smb:3585 d:- ref:0 ;
in:480 out:480 type:B dur:2 cpbdur:2 q:37.40 aq:30.00 tex:0 mv:0 misc:232 imb:0 pmb:0 smb:3600 d:- ref:0 ;
in:479 out:481 type:b dur:2 cpbdur:2 q:37.40 aq:32.00 tex:0 mv:0 misc:216 imb:0 pmb:0 smb:3600 d:- ref:0 ;
in:481 out:482 type:b dur:2 cpbdur:2 q:37.40 aq:32.00 tex:0 mv:0 misc:216 imb:0 pmb:0 smb:3600 d:- ref:0 ;
in:486 out:483 type:P dur:2 cpbdur:2 q:37.40 aq:23.00 tex:87 mv:40 misc:353 imb:1 pmb:11 smb:3588 d:- ref:0 ;
in:484 out:484 type:B dur:2 cpbdur:2 q:37.40 aq:30.00 tex:0 mv:0 misc:232 imb:0 pmb:0 smb:3600 d:- ref:0 ;
in:483 out:485 type:b dur:2 cpbdur:2 q:37.40 aq:32.00 tex:0 mv:0 misc:216 imb:0 pmb:0 smb:3600 d:- ref:0 ;
in:485 out:486 type:b dur:2 cpbdur:2 q:37.40 aq:32.00 tex:0 mv:0 misc:216 imb:0 pmb:0 smb:3600 d:- ref:0 ;
in:490 out:487 type:P dur:2 cpbdur:2 q:37.40 aq:23.00 tex:38 mv:16 misc:298 imb:0 pmb:5 smb:3595 d:- ref:0 ;
in:488 out:488 type:B dur:2 cpbdur:2 q:37.40 aq:30.00 tex:0 mv:0 misc:232 imb:0 pmb:0 smb:3600 d:- ref:0 ;
in:487 out:489 type:b dur:2 cpbdur:2 q:37.40 aq:32.00 tex:0 mv:0 misc:216 imb:0 pmb:0 smb:3600 d:- ref:0 ;
in:489 out:490 type:b dur:2 cpbdur:2 q:37.40 aq:32.00 tex:0 mv:0 misc:216 imb:0 pmb:0 smb:3600 d:- ref:0 ;
in:494 out:491 type:P dur:2 cpbdur:2 q:37.40 aq:23.68 tex:176 mv:60 misc:412 imb:1 pmb:24 smb:3575 d:- ref:0 ;
in:492 out:492 type:B dur:2 cpbdur:2 q:37.40 aq:30.00 tex:0 mv:0 misc:232 imb:0 pmb:0 smb:3600 d:- ref:0 ;
in:491 out:493 type:b dur:2 cpbdur:2 q:37.40 aq:32.00 tex:0 mv:0 misc:216 imb:0 pmb:0 smb:3600 d:- ref:0 ;
in:493 out:494 type:b dur:2 cpbdur:2 q:37.40 aq:32.00 tex:0 mv:0 misc:216 imb:0 pmb:0 smb:3600 d:- ref:0 ;
in:498 out:495 type:P dur:2 cpbdur:2 q:37.40 aq:24.00 tex:18 mv:6 misc:264 imb:0 pmb:2 smb:3598 d:- ref:0 ;
in:496 out:496 type:B dur:2 cpbdur:2 q:37.40 aq:30.00 tex:0 mv:0 misc:232 imb:0 pmb:0 smb:3600 d:- ref:0 ;
in:495 out:497 type:b dur:2 cpbdur:2 q:37.40 aq:32.00 tex:0 mv:0 misc:216 imb:0 pmb:0 smb:3600 d:- ref:0 ;
in:497 out:498 type:b dur:2 cpbdur:2 q:37.40 aq:32.00 tex:0 mv:0 misc:216 imb:0 pmb:0 smb:3600 d:- ref:0 ;
in:499 out:499 type:P dur:2 cpbdur:2 q:37.40 aq:32.00 tex:0 mv:0 misc:232 imb:0 pmb:0 smb:3600 d:- ref:0 ;
in:500 out:500 type:I dur:2 cpbdur:2 q:34.49 aq:21.16 tex:288524 mv:70238 misc:470 imb:3600 pmb:0 smb:0 d:- ref:;
in:504 out:501 type:P dur:2 cpbdur:2 q:37.40 aq:23.13 tex:412 mv:124 misc:592 imb:2 pmb:52 smb:3546 d:- ref:0 ;
in:502 out:502 type:B dur:2 cpbdur:2 q:37.40 aq:30.00 tex:0 mv:0 misc:216 imb:0 pmb:0 smb:3600 d:- ref:0 ;
in:501 out:503 type:b dur:2 cpbdur:2 q:37.40 aq:32.00 tex:0 mv:0 misc:216 imb:0 pmb:0 smb:3600 d:- ref:0 ;
in:503 out:504 type:b dur:2 cpbdur:2 q:37.40 aq:32.00 tex:0 mv:0 misc:216 imb:0 pmb:0 smb:3600 d:- ref:0 ;
in:508 out:505 type:P dur:2 cpbdur:2 q:37.40 aq:22.00 tex:190 mv:61 misc:413 imb:1 pmb:21 smb:3578 d:- ref:0 ;
in:506 out:506 type:B dur:2 cpbdur:2 q:37.40 aq:30.00 tex:0 mv:0 misc:232 imb:0 pmb:0 smb:3600 d:- ref:0 ;
in:505 out:507 type:b dur:2 cpbdur:2 q:37.40 aq:32.00 tex:0 mv:0 misc:216 imb:0 pmb:0 smb:3600 d:- ref:0 ;
in:507 out:508 type:b dur:2 cpbdur:2 q:37.40 aq:32.00 tex:0 mv:0 misc:216 imb:0 pmb:0 smb:3600 d:- ref:0 ;
in:512 out:509 type:P dur:2 cpbdur:2 q:37.40 aq:23.51 tex:211 mv:61 misc:456 imb:0 pmb:31 smb:3569 d:- ref:0 ;
in:510 out:510 type:B dur:2 cpbdur:2 q:37.40 aq:30.00 tex:0 mv:0 misc:232 imb:0 pmb:0 smb:3600 d:- ref:0 ;
in:509 out:511 type:b dur:2 cpbdur:2 q:37.40 aq:32.00 tex:0 mv:0 misc:216 imb:0 pmb:0 smb:3600 d:- ref:0 ;
in:511 out:512 type:b dur:2 cpbdur:2 q:37.40 aq:32.00 tex:0 mv:0 misc:216 imb:0 pmb:0 smb:3600 d:- ref:0 ;
in:516 out:513 type:P dur:2 cpbdur:2 q:37.40 aq:22.78 tex:165 mv:77 misc:406 imb:1 pmb:24 smb:3575 d:- ref:0 ;
in:514 out:514 type:B dur:2 cpbdur:2 q:37.40 aq:30.00 tex:0 mv:0 misc:232 imb:0 pmb:0 smb:3600 d:- ref:0 ;
in:513 out:515 type:b dur:2 cpbdur:2 q:37.40 aq:32.00 tex:0 mv:0 misc:216 imb:0 pmb:0 smb:3600 d:- ref:0 ;
in:515 out:516 type:b dur:2 cpbdur:2 q:37.40 aq:32.00 tex:0 mv:0 misc:216 imb:0 pmb:0 smb:3600 d:- ref:0 ;
in:520 out:517 type:P dur:2 cpbdur:2 q:37.40 aq:22.00 tex:60 mv:27 misc:321 imb:0 pmb:8 smb:3592 d:- ref:0 ;
in:518 out:518 type:B dur:2 cpbdur:2 q:37.40 aq:30.00 tex:0 mv:0 misc:232 imb:0 pmb:0 smb:3600 d:- ref:0 ;
in:517 out:519 type:b dur:2 cpbdur:2 q:37.40 aq:32.00 tex:0 mv:0 misc:216 imb:0 pmb:0 smb:3600 d:- ref:0 ;
in:519 out:520 type:b dur:2 cpbdur:2 q:37.40 aq:32.00 tex:0 mv:0 misc:216 imb:0 pmb:0 smb:3600 d:- ref:0 ;
in:524 out:521 type:P dur:2 cpbdur:2 q:37.40 aq:22.09 tex:75 mv:30 misc:327 imb:0 pmb:9 smb:3591 d:- ref:0 ;
in:522 out:522 type:B dur:2 cpbdur:2 q:37.40 aq:30.00 tex:0 mv:0 misc:232 imb:0 pmb:0 smb:3600 d:- ref:0 ;
in:521 out:523 type:b dur:2 cpbdur:2 q:37.40 aq:32.00 tex:0 mv:0 misc:216 imb:0 pmb:0 smb:3600 d:- ref:0 ;
in:523 out:524 type:b dur:2 cpbdur:2 q:37.40 aq:32.00 tex:0 mv:0 misc:216 imb:0 pmb:0 smb:3600 d:- ref:0 ;
in:528 out:525 type:P dur:2 cpbdur:2 q:37.40 aq:23.73 tex:425 mv:91 misc:668 imb:0 pmb:74 smb:3526 d:- ref:0 ;
in:526 out:526 type:B dur:2 cpbdur:2 q:37.40 aq:30.00 tex:0 mv:0 misc:232 imb:0 pmb:0 smb:3600 d:- ref:0 ;
in:525 out:527 type:b dur:2 cpbdur:2 q:37.40 aq:32.00 tex:0 mv:0 misc:216 imb:0 pmb:0 smb:3600 d:- ref:0 ;
in:527 out:528 type:b dur:2 cpbdur:2 q:37.40 aq:32.00 tex:0 mv:0 misc:216 imb:0 pmb:0 smb:3600 d:- ref:0 ;
in:532 out:529 type:P dur:2 cpbdur:2 q:37.40 aq:23.62 tex:542 mv:111 misc:675 imb:0 pmb:81 smb:3519 d:- ref:0 ;
in:530 out:530 type:B dur:2 cpbdur:2 q:37.40 aq:32.00 tex:0 mv:0 misc:232 imb:0 pmb:0 smb:3600 d:- ref:0 ;
in:529 out:531 type:b dur:2 cpbdur:2 q:37.40 aq:32.00 tex:0 mv:0 misc:216 imb:0 pmb:0 smb:3600 d:- ref:0 ;
in:531 out:532 type:b dur:2 cpbdur:2 q:37.40 aq:32.00 tex:0 mv:0 misc:216 imb:0 pmb:0 smb:3600 d:- ref:0 ;
in:536 out:533 type:P dur:2 cpbdur:2 q:37.40 aq:22.79 tex:364 mv:121 misc:579 imb:0 pmb:57 smb:3543 d:- ref:0 ;
in:534 out:534 type:B dur:2 cpbdur:2 q:37.40 aq:29.00 tex:0 mv:0 misc:232 imb:0 pmb:0 smb:3600 d:- ref:0 ;
in:533 out:535 type:b dur:2 cpbdur:2 q:37.40 aq:32.00 tex:0 mv:0 misc:216 imb:0 pmb:0 smb:3600 d:- ref:0 ;
in:535 out:536 type:b dur:2 cpbdur:2 q:37.40 aq:32.00 tex:0 mv:0 misc:216 imb:0 pmb:0 smb:3600 d:- ref:0 ;
in:540 out:537 type:P dur:2 cpbdur:2 q:37.40 aq:23.06 tex:453 mv:149 misc:646 imb:3 pmb:68 smb:3529 d:- ref:0 ;
in:538 out:538 type:B dur:2 cpbdur:2 q:37.40 aq:30.00 tex:0 mv:0 misc:232 imb:0 pmb:0 smb:3600 d:- ref:0 ;
in:537 out:539 type:b dur:2 cpbdur:2 q:37.40 aq:32.00 tex:0 mv:0 misc:216 imb:0 pmb:0 smb:3600 d:- ref:0 ;
in:539 out:540 type:b dur:2 cpbdur:2 q:37.40 aq:32.00 tex:0 mv:0 misc:216 imb:0 pmb:0 smb:3600 d:- ref:0 ;
in:544 out:541 type:P dur:2 cpbdur:2 q:37.40 aq:22.00 tex:118 mv:51 misc:367 imb:1 pmb:14 smb:3585 d:- ref:0 ;
in:542 out:542 type:B dur:2 cpbdur:2 q:37.40 aq:30.00 tex:0 mv:0 misc:232 imb:0 pmb:0 smb:3600 d:- ref:0 ;
in:541 out:543 type:b dur:2 cpbdur:2 q:37.40 aq:32.00 tex:0 mv:0 misc:216 imb:0 pmb:0 smb:3600 d:- ref:0 ;
in:543 out:544 type:b dur:2 cpbdur:2 q:37.40 aq:32.00 tex:0 mv:0 misc:216 imb:0 pmb:0 smb:3600 d:- ref:0 ;
in:548 out:545 type:P dur:2 cpbdur:2 q:37.40 aq:23.54 tex:172 mv:50 misc:402 imb:0 pmb:21 smb:3579 d:- ref:0 ;
in:546 out:546 type:B dur:2 cpbdur:2 q:37.40 aq:29.00 tex:0 mv:0 misc:232 imb:0 pmb:0 smb:3600 d:- ref:0 ;
in:545 out:547 type:b dur:2 cpbdur:2 q:37.40 aq:32.00 tex:0 mv:0 misc:216 imb:0 pmb:0 smb:3600 d:- ref:0 ;
in:547 out:548 type:b dur:2 cpbdur:2 q:37.40 aq:32.00 tex:0 mv:0 misc:216 imb:0 pmb:0 smb:3600 d:- ref:0 ;
in:552 out:549 type:P dur:2 cpbdur:2 q:37.40 aq:22.00 tex:146 mv:68 misc:402 imb:0 pmb:23 smb:3577 d:- ref:0 ;
in:550 out:550 type:B dur:2 cpbdur:2 q:37.40 aq:29.00 tex:0 mv:0 misc:232 imb:0 pmb:0 smb:3600 d:- ref:0 ;
in:549 out:551 type:b dur:2 cpbdur:2 q:37.40 aq:32.00 tex:0 mv:0 misc:216 imb:0 pmb:0 smb:3600 d:- ref:0 ;
in:551 out:552 type:b dur:2 cpbdur:2 q:37.40 aq:32.00 tex:0 mv:0 misc:216 imb:0 pmb:0 smb:3600 d:- ref:0 ;
in:556 out:553 type:P dur:2 cpbdur:2 q:37.40 aq:23.51 tex:100 mv:35 misc:353 imb:0 pmb:12 smb:3588 d:- ref:0 ;
in:554 out:554 type:B dur:2 cpbdur:2 q:37.40 aq:30.00 tex:0 mv:0 misc:232 imb:0 pmb:0 smb:3600 d:- ref:0 ;
in:553 out:555 type:b dur:2 cpbdur:2 q:37.40 aq:32.00 tex:0 mv:0 misc:216 imb:0 pmb:0 smb:3600 d:- ref:0 ;
in:555 out:556 type:b dur:2 cpbdur:2 q:37.40 aq:32.00 tex:0 mv:0 misc:216 imb:0 pmb:0 smb:3600 d:- ref:0 ;
in:560 out:557 type:P dur:2 cpbdur:2 q:37.40 aq:23.57 tex:337 mv:101 misc:594 imb:1 pmb:58 smb:3541 d:- ref:0 ;
in:558 out:558 type:B dur:2 cpbdur:2 q:37.40 aq:30.00 tex:0 mv:0 misc:232 imb:0 pmb:0 smb:3600 d:- ref:0 ;
in:557 out:559 type:b dur:2 cpbdur:2 q:37.40 aq:32.00 tex:0 mv:0 misc:216 imb:0 pmb:0 smb:3600 d:- ref:0 ;
in:559 out:560 type:b dur:2 cpbdur:2 q:37.40 aq:32.00 tex:0 mv:0 misc:216 imb:0 pmb:0 smb:3600 d:- ref:0 ;
in:564 out:561 type:P dur:2 cpbdur:2 q:37.40 aq:22.89 tex:363 mv:165 misc:600 imb:2 pmb:74 smb:3524 d:- ref:0 ;
in:562 out:562 type:B dur:2 cpbdur:2 q:37.40 aq:30.00 tex:0 mv:0 misc:232 imb:0 pmb:0 smb:3600 d:- ref:0 ;
in:561 out:563 type:b dur:2 cpbdur:2 q:37.40 aq:32.00 tex:0 mv:0 misc:216 imb:0 pmb:0 smb:3600 d:- ref:0 ;
in:563 out:564 type:b dur:2 cpbdur:2 q:37.40 aq:32.00 tex:0 mv:0 misc:216 imb:0 pmb:0 smb:3600 d:- ref:0 ;
in:568 out:565 type:P dur:2 cpbdur:2 q:37.40 aq:23.29 tex:400 mv:144 misc:632 imb:1 pmb:66 smb:3533 d:- ref:0 ;
in:566 out:566 type:B dur:2 cpbdur:2 q:37.40 aq:30.00 tex:0 mv:0 misc:232 imb:0 pmb:0 smb:3600 d:- ref:0 ;
in:565 out:567 type:b dur:2 cpbdur:2 q:37.40 aq:32.00 tex:0 mv:0 misc:216 imb:0 pmb:0 smb:3600 d:- ref:0 ;
in:567 out:568 type:b dur:2 cpbdur:2 q:37.40 aq:32.00 tex:0 mv:0 misc:216 imb:0 pmb:0 smb:3600 d:- ref:0 ;
in:572 out:569 type:P dur:2 cpbdur:2 q:37.40 aq:22.73 tex:180 mv:66 misc:426 imb:0 pmb:25 smb:3575 d:- ref:0 ;
in:570 out:570 type:B dur:2 cpbdur:2 q:37.40 aq:30.00 tex:0 mv:0 misc:232 imb:0 pmb:0 smb:3600 d:- ref:0 ;
in:569 out:571 type:b dur:2 cpbdur:2 q:37.40 aq:32.00 tex:0 mv:0 misc:216 imb:0 pmb:0 smb:3600 d:- ref:0 ;
in:571 out:572 type:b dur:2 cpbdur:2 q:37.40 aq:32.00 tex:0 mv:0 misc:216 imb:0 pmb:0 smb:3600 d:- ref:0 ;
in:576 out:573 type:P dur:2 cpbdur:2 q:37.40 aq:22.00 tex:161 mv:48 misc:399 imb:0 pmb:20 smb:3580 d:- ref:0 ;
in:574 out:574 type:B dur:2 cpbdur:2 q:37.40 aq:30.00 tex:0 mv:0 misc:232 imb:0 pmb:0 smb:3600 d:- ref:0 ;
in:573 out:575 type:b dur:2 cpbdur:2 q:37.40 aq:32.00 tex:0 mv:0 misc:216 imb:0 pmb:0 smb:3600 d:- ref:0 ;
in:575 out:576 type:b dur:2 cpbdur:2 q:37.40 aq:32.00 tex:0 mv:0 misc:216 imb:0 pmb:0 smb:3600 d:- ref:0 ;
in:580 out:577 type:P dur:2 cpbdur:2 q:37.40 aq:22.78 tex:152 mv:63 misc:377 imb:0 pmb:22 smb:3578 d:- ref:0 ;
in:578 out:578 type:B dur:2 cpbdur:2 q:37.40 aq:30.00 tex:0 mv:0 misc:232 imb:0 pmb:0 smb:3600 d:- ref:0 ;
in:577 out:579 type:b dur:2 cpbdur:2 q:37.40 aq:32.00 tex:0 mv:0 misc:216 imb:0 pmb:0 smb:3600 d:- ref:0 ;
in:579 out:580 type:b dur:2 cpbdur:2 q:37.40 aq:32.00 tex:0 mv:0 misc:216 imb:0 pmb:0 smb:3600 d:- ref:0 ;
in:584 out:581 type:P dur:2 cpbdur:2 q:37.40 aq:22.04 tex:183 mv:49 misc:408 imb:0 pmb:22 smb:3578 d:- ref:0 ;
in:582 out:582 type:B dur:2 cpbdur:2 q:37.40 aq:30.00 tex:0 mv:0 misc:232 imb:0 pmb:0 smb:3600 d:- ref:0 ;
in:581 out:583 type:b dur:2 cpbdur:2 q:37.40 aq:32.00 tex:0 mv:0 misc:216 imb:0 pmb:0 smb:3600 d:- ref:0 ;
in:583 out:584 type:b dur:2 cpbdur:2 q:37.40 aq:32.00 tex:0 mv:0 misc:216 imb:0 pmb:0 smb:3600 d:- ref:0 ;
in:588 out:585 type:P dur:2 cpbdur:2 q:37.40 aq:22.00 tex:76 mv:25 misc:323 imb:0 pmb:8 smb:3592 d:- ref:0 ;
in:586 out:586 type:B dur:2 cpbdur:2 q:37.40 aq:30.00 tex:0 mv:0 misc:232 imb:0 pmb:0 smb:3600 d:- ref:0 ;
in:585 out:587 type:b dur:2 cpbdur:2 q:37.40 aq:32.00 tex:0 mv:0 misc:216 imb:0 pmb:0 smb:3600 d:- ref:0 ;
in:587 out:588 type:b dur:2 cpbdur:2 q:37.40 aq:32.00 tex:0 mv:0 misc:216 imb:0 pmb:0 smb:3600 d:- ref:0 ;
in:592 out:589 type:P dur:2 cpbdur:2 q:37.40 aq:22.00 tex:58 mv:19 misc:307 imb:0 pmb:6 smb:3594 d:- ref:0 ;
in:590 out:590 type:B dur:2 cpbdur:2 q:37.40 aq:30.00 tex:0 mv:0 misc:232 imb:0 pmb:0 smb:3600 d:- ref:0 ;
in:589 out:591 type:b dur:2 cpbdur:2 q:37.40 aq:32.00 tex:0 mv:0 misc:216 imb:0 pmb:0 smb:3600 d:- ref:0 ;
in:591 out:592 type:b dur:2 cpbdur:2 q:37.40 aq:32.00 tex:0 mv:0 misc:216 imb:0 pmb:0 smb:3600 d:- ref:0 ;
in:596 out:593 type:P dur:2 cpbdur:2 q:37.40 aq:23.86 tex:592 mv:145 misc:839 imb:2 pmb:119 smb:3479 d:- ref:0 ;
in:594 out:594 type:B dur:2 cpbdur:2 q:37.40 aq:30.00 tex:0 mv:0 misc:232 imb:0 pmb:0 smb:3600 d:- ref:0 ;
in:593 out:595 type:b dur:2 cpbdur:2 q:37.40 aq:32.00 tex:0 mv:0 misc:216 imb:0 pmb:0 smb:3600 d:- ref:0 ;
in:595 out:596 type:b dur:2 cpbdur:2 q:37.40 aq:32.00 tex:0 mv:0 misc:216 imb:0 pmb:0 smb:3600 d:- ref:0 ;
in:600 out:597 type:P dur:2 cpbdur:2 q:37.40 aq:23.85 tex:414 mv:89 misc:729 imb:1 pmb:95 smb:3504 d:- ref:0 ;
in:598 out:598 type:B dur:2 cpbdur:2 q:37.40 aq:30.00 tex:0 mv:0 misc:232 imb:0 pmb:0 smb:3600 d:- ref:0 ;
in:597 out:599 type:b dur:2 cpbdur:2 q:37.40 aq:32.00 tex:0 mv:0 misc:216 imb:0 pmb:0 smb:3600 d:- ref:0 ;
in:599 out:600 type:b dur:2 cpbdur:2 q:37.40 aq:32.00 tex:0 mv:0 misc:216 imb:0 pmb:0 smb:3600 d:- ref:0 ;
in:604 out:601 type:P dur:2 cpbdur:2 q:37.40 aq:23.00 tex:88 mv:32 misc:360 imb:0 pmb:13 smb:3587 d:- ref:0 ;
in:602 out:602 type:B dur:2 cpbdur:2 q:37.40 aq:30.00 tex:0 mv:0 misc:232 imb:0 pmb:0 smb:3600 d:- ref:0 ;
in:601 out:603 type:b dur:2 cpbdur:2 q:37.40 aq:32.00 tex:0 mv:0 misc:216 imb:0 pmb:0 smb:3600 d:- ref:0 ;
in:603 out:604 type:b dur:2 cpbdur:2 q:37.40 aq:32.00 tex:0 mv:0 misc:216 imb:0 pmb:0 smb:3600 d:- ref:0 ;
in:608 out:605 type:P dur:2 cpbdur:2 q:37.40 aq:23.00 tex:93 mv:29 misc:358 imb:0 pmb:14 smb:3586 d:- ref:0 ;
in:606 out:606 type:B dur:2 cpbdur:2 q:37.40 aq:30.00 tex:0 mv:0 misc:232 imb:0 pmb:0 smb:3600 d:- ref:0 ;
in:605 out:607 type:b dur:2 cpbdur:2 q:37.40 aq:32.00 tex:0 mv:0 misc:216 imb:0 pmb:0 smb:3600 d:- ref:0 ;
in:607 out:608 type:b dur:2 cpbdur:2 q:37.40 aq:32.00 tex:0 mv:0 misc:216 imb:0 pmb:0 smb:3600 d:- ref:0 ;
in:612 out:609 type:P dur:2 cpbdur:2 q:37.40 aq:24.00 tex:0 mv:0 misc:248 imb:0 pmb:0 smb:3600 d:- ref:0 ;
in:610 out:610 type:B dur:2 cpbdur:2 q:37.40 aq:30.00 tex:0 mv:0 misc:232 imb:0 pmb:0 smb:3600 d:- ref:0 ;
in:609 out:611 type:b dur:2 cpbdur:2 q:37.40 aq:32.00 tex:0 mv:0 misc:216 imb:0 pmb:0 smb:3600 d:- ref:0 ;
in:611 out:612 type:b dur:2 cpbdur:2 q:37.40 aq:32.00 tex:0 mv:0 misc:216 imb:0 pmb:0 smb:3600 d:- ref:0 ;
in:616 out:613 type:P dur:2 cpbdur:2 q:37.40 aq:24.00 tex:0 mv:0 misc:248 imb:0 pmb:0 smb:3600 d:- ref:0 ;
in:614 out:614 type:B dur:2 cpbdur:2 q:37.40 aq:30.00 tex:0 mv:0 misc:232 imb:0 pmb:0 smb:3600 d:- ref:0 ;
in:613 out:615 type:b dur:2 cpbdur:2 q:37.40 aq:32.00 tex:0 mv:0 misc:216 imb:0 pmb:0 smb:3600 d:- ref:0 ;
in:615 out:616 type:b dur:2 cpbdur:2 q:37.40 aq:32.00 tex:0 mv:0 misc:216 imb:0 pmb:0 smb:3600 d:- ref:0 ;
in:620 out:617 type:P dur:2 cpbdur:2 q:37.40 aq:25.00 tex:9 mv:3 misc:252 imb:0 pmb:1 smb:3599 d:- ref:0 ;
in:618 out:618 type:B dur:2 cpbdur:2 q:37.40 aq:30.00 tex:0 mv:0 misc:232 imb:0 pmb:0 smb:3600 d:- ref:0 ;
in:617 out:619 type:b dur:2 cpbdur:2 q:37.40 aq:32.00 tex:0 mv:0 misc:216 imb:0 pmb:0 smb:3600 d:- ref:0 ;
in:619 out:620 type:b dur:2 cpbdur:2 q:37.40 aq:32.00 tex:0 mv:0 misc:216 imb:0 pmb:0 smb:3600 d:- ref:0 ;
in:624 out:621 type:P dur:2 cpbdur:2 q:37.40 aq:26.00 tex:0 mv:0 misc:240 imb:0 pmb:0 smb:3600 d:- ref:0 ;
in:622 out:622 type:B dur:2 cpbdur:2 q:37.40 aq:30.00 tex:0 mv:0 misc:232 imb:0 pmb:0 smb:3600 d:- ref:0 ;
in:621 out:623 type:b dur:2 cpbdur:2 q:37.40 aq:32.00 tex:0 mv:0 misc:216 imb:0 pmb:0 smb:3600 d:- ref:0 ;
in:623 out:624 type:b dur:2 cpbdur:2 q:37.40 aq:32.00 tex:0 mv:0 misc:216 imb:0 pmb:0 smb:3600 d:- ref:0 ;
in:628 out:625 type:P dur:2 cpbdur:2 q:37.40 aq:23.79 tex:637 mv:260 misc:759 imb:15 pmb:96 smb:3489 d:- ref:0 ;
in:626 out:626 type:B dur:2 cpbdur:2 q:37.40 aq:30.00 tex:0 mv:0 misc:232 imb:0 pmb:0 smb:3600 d:- ref:0 ;
in:625 out:627 type:b dur:2 cpbdur:2 q:37.40 aq:32.00 tex:0 mv:0 misc:216 imb:0 pmb:0 smb:3600 d:- ref:0 ;
in:627 out:628 type:b dur:2 cpbdur:2 q:37.40 aq:32.00 tex:0 mv:0 misc:216 imb:0 pmb:0 smb:3600 d:- ref:0 ;
in:632 out:629 type:P dur:2 cpbdur:2 q:37.40 aq:23.81 tex:672 mv:219 misc:789 imb:9 pmb:110 smb:3481 d:- ref:0 ;
in:630 out:630 type:B dur:2 cpbdur:2 q:37.40 aq:31.00 tex:0 mv:0 misc:232 imb:0 pmb:0 smb:3600 d:- ref:0 ;
in:629 out:631 type:b dur:2 cpbdur:2 q:37.40 aq:32.00 tex:0 mv:0 misc:216 imb:0 pmb:0 smb:3600 d:- ref:0 ;
in:631 out:632 type:b dur:2 cpbdur:2 q:37.40 aq:32.00 tex:0 mv:0 misc:216 imb:0 pmb:0 smb:3600 d:- ref:0 ;
in:636 out:633 type:P dur:2 cpbdur:2 q:37.40 aq:22.99 tex:418 mv:139 misc:595 imb:4 pmb:54 smb:3542 d:- ref:0 ;
in:634 out:634 type:B dur:2 cpbdur:2 q:37.40 aq:30.00 tex:0 mv:0 misc:232 imb:0 pmb:0 smb:3600 d:- ref:0 ;
in:633 out:635 type:b dur:2 cpbdur:2 q:37.40 aq:32.00 tex:0 mv:0 misc:216 imb:0 pmb:0 smb:3600 d:- ref:0 ;
in:635 out:636 type:b dur:2 cpbdur:2 q:37.40 aq:32.00 tex:0 mv:0 misc:216 imb:0 pmb:0 smb:3600 d:- ref:0 ;
in:640 out:637 type:P dur:2 cpbdur:2 q:37.40 aq:22.99 tex:664 mv:154 misc:574 imb:8 pmb:42 smb:3550 d:- ref:0 ;
in:638 out:638 type:B dur:2 cpbdur:2 q:37.40 aq:31.00 tex:0 mv:0 misc:232 imb:0 pmb:0 smb:3600 d:- ref:0 ;
in:637 out:639 type:b dur:2 cpbdur:2 q:37.40 aq:32.00 tex:0 mv:0 misc:216 imb:0 pmb:0 smb:3600 d:- ref:0 ;
in:639 out:640 type:b dur:2 cpbdur:2 q:37.40 aq:32.00 tex:0 mv:0 misc:216 imb:0 pmb:0 smb:3600 d:- ref:0 ;
in:644 out:641 type:P dur:2 cpbdur:2 q:37.40 aq:23.00 tex:108 mv:34 misc:362 imb:0 pmb:14 smb:3586 d:- ref:0 ;
in:642 out:642 type:B dur:2 cpbdur:2 q:37.40 aq:30.00 tex:0 mv:0 misc:232 imb:0 pmb:0 smb:3600 d:- ref:0 ;
in:641 out:643 type:b dur:2 cpbdur:2 q:37.40 aq:32.00 tex:0 mv:0 misc:216 imb:0 pmb:0 smb:3600 d:- ref:0 ;
in:643 out:644 type:b dur:2 cpbdur:2 q:37.40 aq:32.00 tex:0 mv:0 misc:216 imb:0 pmb:0 smb:3600 d:- ref:0 ;
in:648 out:645 type:P dur:2 cpbdur:2 q:37.40 aq:23.00 tex:89 mv:29 misc:346 imb:0 pmb:13 smb:3587 d:- ref:0 ;
in:646 out:646 type:B dur:2 cpbdur:2 q:37.40 aq:30.00 tex:0 mv:0 misc:232 imb:0 pmb:0 smb:3600 d:- ref:0 ;
in:645 out:647 type:b dur:2 cpbdur:2 q:37.40 aq:32.00 tex:0 mv:0 misc:216 imb:0 pmb:0 smb:3600 d:- ref:0 ;
in:647 out:648 type:b dur:2 cpbdur:2 q:37.40 aq:32.00 tex:0 mv:0 misc:216 imb:0 pmb:0 smb:3600 d:- ref:0 ;
in:652 out:649 type:P dur:2 cpbdur:2 q:37.40 aq:23.57 tex:120 mv:53 misc:355 imb:2 pmb:12 smb:3586 d:- ref:0 ;
in:650 out:650 type:B dur:2 cpbdur:2 q:37.40 aq:30.00 tex:0 mv:0 misc:232 imb:0 pmb:0 smb:3600 d:- ref:0 ;
in:649 out:651 type:b dur:2 cpbdur:2 q:37.40 aq:32.00 tex:0 mv:0 misc:216 imb:0 pmb:0 smb:3600 d:- ref:0 ;
in:651 out:652 type:b dur:2 cpbdur:2 q:37.40 aq:32.00 tex:0 mv:0 misc:216 imb:0 pmb:0 smb:3600 d:- ref:0 ;
in:656 out:653 type:P dur:2 cpbdur:2 q:37.40 aq:24.03 tex:96 mv:34 misc:334 imb:1 pmb:9 smb:3590 d:- ref:0 ;
in:654 out:654 type:B dur:2 cpbdur:2 q:37.40 aq:30.00 tex:0 mv:0 misc:232 imb:0 pmb:0 smb:3600 d:- ref:0 ;
in:653 out:655 type:b dur:2 cpbdur:2 q:37.40 aq:32.00 tex:0 mv:0 misc:216 imb:0 pmb:0 smb:3600 d:- ref:0 ;
in:655 out:656 type:b dur:2 cpbdur:2 q:37.40 aq:32.00 tex:0 mv:0 misc:216 imb:0 pmb:0 smb:3600 d:- ref:0 ;
in:660 out:657 type:P dur:2 cpbdur:2 q:37.40 aq:23.58 tex:407 mv:146 misc:623 imb:6 pmb:65 smb:3529 d:- ref:0 ;
in:658 out:658 type:B dur:2 cpbdur:2 q:37.40 aq:30.00 tex:0 mv:0 misc:232 imb:0 pmb:0 smb:3600 d:- ref:0 ;
in:657 out:659 type:b dur:2 cpbdur:2 q:37.40 aq:32.00 tex:0 mv:0 misc:216 imb:0 pmb:0 smb:3600 d:- ref:0 ;
in:659 out:660 type:b dur:2 cpbdur:2 q:37.40 aq:32.00 tex:0 mv:0 misc:216 imb:0 pmb:0 smb:3600 d:- ref:0 ;
in:664 out:661 type:P dur:2 cpbdur:2 q:37.40 aq:23.64 tex:486 mv:129 misc:689 imb:6 pmb:78 smb:3516 d:- ref:0 ;
in:662 out:662 type:B dur:2 cpbdur:2 q:37.40 aq:30.00 tex:0 mv:0 misc:232 imb:0 pmb:0 smb:3600 d:- ref:0 ;
in:661 out:663 type:b dur:2 cpbdur:2 q:37.40 aq:32.00 tex:0 mv:0 misc:216 imb:0 pmb:0 smb:3600 d:- ref:0 ;
in:663 out:664 type:b dur:2 cpbdur:2 q:37.40 aq:32.00 tex:0 mv:0 misc:216 imb:0 pmb:0 smb:3600 d:- ref:0 ;
in:668 out:665 type:P dur:2 cpbdur:2 q:37.40 aq:23.75 tex:389 mv:82 misc:569 imb:1 pmb:52 smb:3547 d:- ref:0 ;
in:666 out:666 type:B dur:2 cpbdur:2 q:37.40 aq:30.00 tex:0 mv:0 misc:232 imb:0 pmb:0 smb:3600 d:- ref:0 ;
in:665 out:667 type:b dur:2 cpbdur:2 q:37.40 aq:32.00 tex:0 mv:0 misc:216 imb:0 pmb:0 smb:3600 d:- ref:0 ;
in:667 out:668 type:b dur:2 cpbdur:2 q:37.40 aq:32.00 tex:0 mv:0 misc:216 imb:0 pmb:0 smb:3600 d:- ref:0 ;
in:672 out:669 type:P dur:2 cpbdur:2 q:37.40 aq:22.79 tex:349 mv:91 misc:456 imb:1 pmb:32 smb:3567 d:- ref:0 ;
in:670 out:670 type:B dur:2 cpbdur:2 q:37.40 aq:30.00 tex:0 mv:0 misc:232 imb:0 pmb:0 smb:3600 d:- ref:0 ;
in:669 out:671 type:b dur:2 cpbdur:2 q:37.40 aq:32.00 tex:0 mv:0 misc:216 imb:0 pmb:0 smb:3600 d:- ref:0 ;
in:671 out:672 type:b dur:2 cpbdur:2 q:37.40 aq:32.00 tex:0 mv:0 misc:216 imb:0 pmb:0 smb:3600 d:- ref:0 ;
in:676 out:673 type:P dur:2 cpbdur:2 q:37.40 aq:22.85 tex:112 mv:33 misc:351 imb:0 pmb:13 smb:3587 d:- ref:0 ;
in:674 out:674 type:B dur:2 cpbdur:2 q:37.40 aq:30.00 tex:0 mv:0 misc:232 imb:0 pmb:0 smb:3600 d:- ref:0 ;
in:673 out:675 type:b dur:2 cpbdur:2 q:37.40 aq:32.00 tex:0 mv:0 misc:216 imb:0 pmb:0 smb:3600 d:- ref:0 ;
in:675 out:676 type:b dur:2 cpbdur:2 q:37.40 aq:32.00 tex:0 mv:0 misc:216 imb:0 pmb:0 smb:3600 d:- ref:0 ;
in:680 out:677 type:P dur:2 cpbdur:2 q:37.40 aq:23.00 tex:132 mv:50 misc:386 imb:1 pmb:17 smb:3582 d:- ref:0 ;
in:678 out:678 type:B dur:2 cpbdur:2 q:37.40 aq:30.00 tex:0 mv:0 misc:232 imb:0 pmb:0 smb:3600 d:- ref:0 ;
in:677 out:679 type:b dur:2 cpbdur:2 q:37.40 aq:32.00 tex:0 mv:0 misc:216 imb:0 pmb:0 smb:3600 d:- ref:0 ;
in:679 out:680 type:b dur:2 cpbdur:2 q:37.40 aq:32.00 tex:0 mv:0 misc:216 imb:0 pmb:0 smb:3600 d:- ref:0 ;
in:684 out:681 type:P dur:2 cpbdur:2 q:37.40 aq:22.42 tex:127 mv:33 misc:368 imb:0 pmb:15 smb:3585 d:- ref:0 ;
in:682 out:682 type:B dur:2 cpbdur:2 q:37.40 aq:30.00 tex:0 mv:0 misc:232 imb:0 pmb:0 smb:3600 d:- ref:0 ;
in:681 out:683 type:b dur:2 cpbdur:2 q:37.40 aq:32.00 tex:0 mv:0 misc:216 imb:0 pmb:0 smb:3600 d:- ref:0 ;
in:683 out:684 type:b dur:2 cpbdur:2 q:37.40 aq:32.00 tex:0 mv:0 misc:216 imb:0 pmb:0 smb:3600 d:- ref:0 ;
in:688 out:685 type:P dur:2 cpbdur:2 q:37.40 aq:22.20 tex:40 mv:11 misc:285 imb:0 pmb:4 smb:3596 d:- ref:0 ;
in:686 out:686 type:B dur:2 cpbdur:2 q:37.40 aq:30.00 tex:0 mv:0 misc:232 imb:0 pmb:0 smb:3600 d:- ref:0 ;
in:685 out:687 type:b dur:2 cpbdur:2 q:37.40 aq:32.00 tex:0 mv:0 misc:216 imb:0 pmb:0 smb:3600 d:- ref:0 ;
in:687 out:688 type:b dur:2 cpbdur:2 q:37.40 aq:32.00 tex:0 mv:0 misc:216 imb:0 pmb:0 smb:3600 d:- ref:0 ;
in:692 out:689 type:P dur:2 cpbdur:2 q:37.40 aq:23.10 tex:367 mv:125 misc:564 imb:4 pmb:55 smb:3541 d:- ref:0 ;
in:690 out:690 type:B dur:2 cpbdur:2 q:37.40 aq:30.00 tex:0 mv:0 misc:232 imb:0 pmb:0 smb:3600 d:- ref:0 ;
in:689 out:691 type:b dur:2 cpbdur:2 q:37.40 aq:32.00 tex:0 mv:0 misc:216 imb:0 pmb:0 smb:3600 d:- ref:0 ;
in:691 out:692 type:b dur:2 cpbdur:2 q:37.40 aq:32.00 tex:0 mv:0 misc:216 imb:0 pmb:0 smb:3600 d:- ref:0 ;
in:696 out:693 type:P dur:2 cpbdur:2 q:37.40 aq:23.00 tex:300 mv:100 misc:600 imb:2 pmb:64 smb:3534 d:- ref:0 ;
in:694 out:694 type:B dur:2 cpbdur:2 q:37.40 aq:30.00 tex:0 mv:0 misc:232 imb:0 pmb:0 smb:3600 d:- ref:0 ;
in:693 out:695 type:b dur:2 cpbdur:2 q:37.40 aq:32.00 tex:0 mv:0 misc:216 imb:0 pmb:0 smb:3600 d:- ref:0 ;
in:695 out:696 type:b dur:2 cpbdur:2 q:37.40 aq:32.00 tex:0 mv:0 misc:216 imb:0 pmb:0 smb:3600 d:- ref:0 ;
in:700 out:697 type:P dur:2 cpbdur:2 q:37.40 aq:22.88 tex:465 mv:115 misc:588 imb:3 pmb:52 smb:3545 d:- ref:0 ;
in:698 out:698 type:B dur:2 cpbdur:2 q:37.40 aq:31.00 tex:0 mv:0 misc:232 imb:0 pmb:0 smb:3600 d:- ref:0 ;
in:697 out:699 type:b dur:2 cpbdur:2 q:37.40 aq:32.00 tex:0 mv:0 misc:216 imb:0 pmb:0 smb:3600 d:- ref:0 ;
in:699 out:700 type:b dur:2 cpbdur:2 q:37.40 aq:32.00 tex:0 mv:0 misc:216 imb:0 pmb:0 smb:3600 d:- ref:0 ;
in:704 out:701 type:P dur:2 cpbdur:2 q:37.40 aq:23.60 tex:205 mv:51 misc:432 imb:0 pmb:25 smb:3575 d:- ref:0 ;
in:702 out:702 type:B dur:2 cpbdur:2 q:37.40 aq:29.00 tex:0 mv:0 misc:232 imb:0 pmb:0 smb:3600 d:- ref:0 ;
in:701 out:703 type:b dur:2 cpbdur:2 q:37.40 aq:32.00 tex:0 mv:0 misc:216 imb:0 pmb:0 smb:3600 d:- ref:0 ;
in:703 out:704 type:b dur:2 cpbdur:2 q:37.40 aq:32.00 tex:0 mv:0 misc:216 imb:0 pmb:0 smb:3600 d:- ref:0 ;
in:708 out:705 type:P dur:2 cpbdur:2 q:37.40 aq:23.00 tex:128 mv:39 misc:385 imb:0 pmb:20 smb:3580 d:- ref:0 ;
in:706 out:706 type:B dur:2 cpbdur:2 q:37.40 aq:30.00 tex:0 mv:0 misc:232 imb:0 pmb:0 smb:3600 d:- ref:0 ;
in:705 out:707 type:b dur:2 cpbdur:2 q:37.40 aq:32.00 tex:0 mv:0 misc:216 imb:0 pmb:0 smb:3600 d:- ref:0 ;
in:707 out:708 type:b dur:2 cpbdur:2 q:37.40 aq:32.00 tex:0 mv:0 misc:216 imb:0 pmb:0 smb:3600 d:- ref:0 ;
in:712 out:709 type:P dur:2 cpbdur:2 q:37.40 aq:23.00 tex:57 mv:21 misc:314 imb:0 pmb:8 smb:3592 d:- ref:0 ;
in:710 out:710 type:B dur:2 cpbdur:2 q:37.40 aq:30.00 tex:0 mv:0 misc:232 imb:0 pmb:0 smb:3600 d:- ref:0 ;
in:709 out:711 type:b dur:2 cpbdur:2 q:37.40 aq:32.00 tex:0 mv:0 misc:216 imb:0 pmb:0 smb:3600 d:- ref:0 ;
in:711 out:712 type:b dur:2 cpbdur:2 q:37.40 aq:32.00 tex:0 mv:0 misc:216 imb:0 pmb:0 smb:3600 d:- ref:0 ;
in:716 out:713 type:P dur:2 cpbdur:2 q:37.40 aq:23.00 tex:83 mv:37 misc:336 imb:1 pmb:9 smb:3590 d:- ref:0 ;
in:714 out:714 type:B dur:2 cpbdur:2 q:37.40 aq:29.00 tex:0 mv:0 misc:232 imb:0 pmb:0 smb:3600 d:- ref:0 ;
in:713 out:715 type:b dur:2 cpbdur:2 q:37.40 aq:32.00 tex:0 mv:0 misc:216 imb:0 pmb:0 smb:3600 d:- ref:0 ;
in:715 out:716 type:b dur:2 cpbdur:2 q:37.40 aq:32.00 tex:0 mv:0 misc:216 imb:0 pmb:0 smb:3600 d:- ref:0 ;
in:720 out:717 type:P dur:2 cpbdur:2 q:37.40 aq:23.00 tex:41 mv:18 misc:293 imb:0 pmb:5 smb:3595 d:- ref:0 ;
in:718 out:718 type:B dur:2 cpbdur:2 q:37.40 aq:29.00 tex:0 mv:0 misc:232 imb:0 pmb:0 smb:3600 d:- ref:0 ;
in:717 out:719 type:b dur:2 cpbdur:2 q:37.40 aq:32.00 tex:0 mv:0 misc:216 imb:0 pmb:0 smb:3600 d:- ref:0 ;
in:719 out:720 type:b dur:2 cpbdur:2 q:37.40 aq:32.00 tex:0 mv:0 misc:216 imb:0 pmb:0 smb:3600 d:- ref:0 ;
in:724 out:721 type:P dur:2 cpbdur:2 q:37.40 aq:22.15 tex:80 mv:27 misc:341 imb:0 pmb:11 smb:3589 d:- ref:0 ;
in:722 out:722 type:B dur:2 cpbdur:2 q:37.40 aq:30.00 tex:0 mv:0 misc:232 imb:0 pmb:0 smb:3600 d:- ref:0 ;
in:721 out:723 type:b dur:2 cpbdur:2 q:37.40 aq:32.00 tex:0 mv:0 misc:216 imb:0 pmb:0 smb:3600 d:- ref:0 ;
in:723 out:724 type:b dur:2 cpbdur:2 q:37.40 aq:32.00 tex:0 mv:0 misc:216 imb:0 pmb:0 smb:3600 d:- ref:0 ;
in:728 out:725 type:P dur:2 cpbdur:2 q:37.40 aq:24.02 tex:432 mv:80 misc:712 imb:1 pmb:91 smb:3508 d:- ref:0 ;
in:726 out:726 type:B dur:2 cpbdur:2 q:37.40 aq:30.00 tex:0 mv:0 misc:232 imb:0 pmb:0 smb:3600 d:- ref:0 ;
in:725 out:727 type:b dur:2 cpbdur:2 q:37.40 aq:32.00 tex:0 mv:0 misc:216 imb:0 pmb:0 smb:3600 d:- ref:0 ;
in:727 out:728 type:b dur:2 cpbdur:2 q:37.40 aq:32.00 tex:0 mv:0 misc:216 imb:0 pmb:0 smb:3600 d:- ref:0 ;
in:732 out:729 type:P dur:2 cpbdur:2 q:37.40 aq:23.16 tex:261 mv:60 misc:527 imb:0 pmb:51 smb:3549 d:- ref:0 ;
in:730 out:730 type:B dur:2 cpbdur:2 q:37.40 aq:29.00 tex:0 mv:0 misc:232 imb:0 pmb:0 smb:3600 d:- ref:0 ;
in:729 out:731 type:b dur:2 cpbdur:2 q:37.40 aq:32.00 tex:0 mv:0 misc:216 imb:0 pmb:0 smb:3600 d:- ref:0 ;
in:731 out:732 type:b dur:2 cpbdur:2 q:37.40 aq:32.00 tex:0 mv:0 misc:216 imb:0 pmb:0 smb:3600 d:- ref:0 ;
in:736 out:733 type:P dur:2 cpbdur:2 q:37.40 aq:24.00 tex:9 mv:3 misc:260 imb:0 pmb:1 smb:3599 d:- ref:0 ;
in:734 out:734 type:B dur:2 cpbdur:2 q:37.40 aq:30.00 tex:0 mv:0 misc:232 imb:0 pmb:0 smb:3600 d:- ref:0 ;
in:733 out:735 type:b dur:2 cpbdur:2 q:37.40 aq:32.00 tex:0 mv:0 misc:216 imb:0 pmb:0 smb:3600 d:- ref:0 ;
in:735 out:736 type:b dur:2 cpbdur:2 q:37.40 aq:32.00 tex:0 mv:0 misc:216 imb:0 pmb:0 smb:3600 d:- ref:0 ;
in:740 out:737 type:P dur:2 cpbdur:2 q:37.40 aq:25.00 tex:0 mv:0 misc:240 imb:0 pmb:0 smb:3600 d:- ref:0 ;
in:738 out:738 type:B dur:2 cpbdur:2 q:37.40 aq:30.00 tex:0 mv:0 misc:232 imb:0 pmb:0 smb:3600 d:- ref:0 ;
in:737 out:739 type:b dur:2 cpbdur:2 q:37.40 aq:32.00 tex:0 mv:0 misc:216 imb:0 pmb:0 smb:3600 d:- ref:0 ;
in:739 out:740 type:b dur:2 cpbdur:2 q:37.40 aq:32.00 tex:0 mv:0 misc:216 imb:0 pmb:0 smb:3600 d:- ref:0 ;
in:744 out:741 type:P dur:2 cpbdur:2 q:37.40 aq:27.00 tex:0 mv:0 misc:240 imb:0 pmb:0 smb:3600 d:- ref:0 ;
in:742 out:742 type:B dur:2 cpbdur:2 q:37.40 aq:30.00 tex:0 mv:0 misc:232 imb:0 pmb:0 smb:3600 d:- ref:0 ;
in:741 out:743 type:b dur:2 cpbdur:2 q:37.40 aq:32.00 tex:0 mv:0 misc:216 imb:0 pmb:0 smb:3600 d:- ref:0 ;
in:743 out:744 type:b dur:2 cpbdur:2 q:37.40 aq:32.00 tex:0 mv:0 misc:216 imb:0 pmb:0 smb:3600 d:- ref:0 ;
in:748 out:745 type:P dur:2 cpbdur:2 q:37.40 aq:30.00 tex:0 mv:0 misc:240 imb:0 pmb:0 smb:3600 d:- ref:0 ;
in:746 out:746 type:B dur:2 cpbdur:2 q:37.40 aq:30.00 tex:0 mv:0 misc:232 imb:0 pmb:0 smb:3600 d:- ref:0 ;
in:745 out:747 type:b dur:2 cpbdur:2 q:37.40 aq:32.00 tex:0 mv:0 misc:216 imb:0 pmb:0 smb:3600 d:- ref:0 ;
in:747 out:748 type:b dur:2 cpbdur:2 q:37.40 aq:32.00 tex:0 mv:0 misc:216 imb:0 pmb:0 smb:3600 d:- ref:0 ;
in:749 out:749 type:P dur:2 cpbdur:2 q:37.40 aq:32.00 tex:0 mv:0 misc:232 imb:0 pmb:0 smb:3600 d:- ref:0 ;
